This file contains any messages produced by compilers while
running configure, to aid debugging if configure makes a mistake.

It was created by Lely core libraries configure 3.5.0, which was
generated by GNU Autoconf 2.71.  Invocation command line was

  $ /home/dawid/Desktop/SIROBOTICS/GIT/CanOpen-ECSS-Si-Robotics/lely-core/configure --prefix=/home/dawid/Desktop/SIROBOTICS/GIT/CanOpen-ECSS-Si-Robotics/install-cm4 --host=arm-none-eabi --enable-ecss-compliance --disable-shared --disable-python --disable-tests --disable-unit-tests --disable-threads AR=arm-none-eabi-ar CC=arm-none-eabi-gcc CXX=arm-none-eabi-g++ RANLIB=arm-none-eabi-ranlib STRIP=arm-none-eabi-strip 'CFLAGS=-O2 -ggdb3 -mcpu=cortex-m4 -mthumb -ffunction-sections -fdata-sections -mfloat-abi=hard -mfpu=fpv4-sp-d16   -DLELY_HAVE_ITIMERSPEC=1   -DLELY_NO_MALLOC   -DLELY_NO_CO_OBJ_NAME   -DLELY_NO_CO_OBJ_LIMITS   -DLELY_NO_CO_OBJ_DEFAULT   -DLELY_NO_CO_OBJ_UPLOAD   -DLELY_NO_THREADS   -DLELY_NO_STDIO' 'LDFLAGS=-mcpu=cortex-m4 -mthumb -mfloat-abi=hard -mfpu=fpv4-sp-d16 -ffunction-sections -fdata-sections -Wl,--gc-sections --specs=nosys.specs'

## --------- ##
## Platform. ##
## --------- ##

hostname = dawid-Aspire-A5SP14-51MTN
uname -m = x86_64
uname -r = 6.8.0-101-generic
uname -s = Linux
uname -v = #101~22.04.1-Ubuntu SMP PREEMPT_DYNAMIC Wed Feb 11 13:19:54 UTC 

/usr/bin/uname -p = x86_64
/bin/uname -X     = unknown

/bin/arch              = x86_64
/usr/bin/arch -k       = unknown
/usr/convex/getsysinfo = unknown
/usr/bin/hostinfo      = unknown
/bin/machine           = unknown
/usr/bin/oslevel       = unknown
/bin/universe          = unknown

PATH: /opt/ros/humble/bin/
PATH: /opt/arm-gnu-toolchain-13.2.Rel1-x86_64-arm-none-eabi/bin/
PATH: /opt/arm-gnu-toolchain-13.2.rel1-x86_64-arm-none-eabi/bin/
PATH: /home/dawid/.local/bin/
PATH: /usr/local/sbin/
PATH: /usr/local/bin/
PATH: /usr/sbin/
PATH: /usr/bin/
PATH: /sbin/
PATH: /bin/
PATH: /usr/games/
PATH: /usr/local/games/
PATH: /snap/bin/
PATH: /snap/bin/
PATH: /home/dawid/.local/bin/


## ----------- ##
## Core tests. ##
## ----------- ##

configure:3066: looking for aux files: tap-driver.sh ltmain.sh compile missing install-sh config.guess config.sub
configure:3079:  trying /home/dawid/Desktop/SIROBOTICS/GIT/CanOpen-ECSS-Si-Robotics/lely-core/
configure:3108:   /home/dawid/Desktop/SIROBOTICS/GIT/CanOpen-ECSS-Si-Robotics/lely-core/tap-driver.sh found
configure:3108:   /home/dawid/Desktop/SIROBOTICS/GIT/CanOpen-ECSS-Si-Robotics/lely-core/ltmain.sh found
configure:3108:   /home/dawid/Desktop/SIROBOTICS/GIT/CanOpen-ECSS-Si-Robotics/lely-core/compile found
configure:3108:   /home/dawid/Desktop/SIROBOTICS/GIT/CanOpen-ECSS-Si-Robotics/lely-core/missing found
configure:3090:   /home/dawid/Desktop/SIROBOTICS/GIT/CanOpen-ECSS-Si-Robotics/lely-core/install-sh found
configure:3108:   /home/dawid/Desktop/SIROBOTICS/GIT/CanOpen-ECSS-Si-Robotics/lely-core/config.guess found
configure:3108:   /home/dawid/Desktop/SIROBOTICS/GIT/CanOpen-ECSS-Si-Robotics/lely-core/config.sub found
configure:3227: checking build system type
configure:3242: result: x86_64-pc-linux-gnu
configure:3262: checking host system type
configure:3276: result: arm-none-eabi
configure:3296: checking target system type
configure:3310: result: arm-none-eabi
configure:3353: checking for a BSD-compatible install
configure:3426: result: /usr/bin/install -c
configure:3437: checking whether build environment is sane
configure:3492: result: yes
configure:3548: checking for arm-none-eabi-strip
configure:3580: result: arm-none-eabi-strip
configure:3651: checking for a race-free mkdir -p
configure:3695: result: /usr/bin/mkdir -p
configure:3702: checking for gawk
configure:3737: result: no
configure:3702: checking for mawk
configure:3723: found /usr/bin/mawk
configure:3734: result: mawk
configure:3745: checking whether make sets $(MAKE)
configure:3768: result: yes
configure:3798: checking whether make supports nested variables
configure:3816: result: yes
configure:3954: checking whether to enable maintainer-specific portions of Makefiles
configure:3964: result: yes
configure:3989: checking whether make supports nested variables
configure:4007: result: yes
configure:4019: checking for a sed that does not truncate output
configure:4089: result: /usr/bin/sed
configure:4108: checking whether to build with code coverage support
configure:4129: result: no
configure:4513: checking for valgrind
configure:4548: result: no
configure:4962: checking whether make supports the include directive
configure:4977: make -f confmf.GNU && cat confinc.out
this is the am__doit target
configure:4980: $? = 0
configure:4999: result: yes (GNU style)
configure:5030: checking for arm-none-eabi-gcc
configure:5062: result: arm-none-eabi-gcc
configure:5460: checking for C compiler version
configure:5469: arm-none-eabi-gcc --version >&5
arm-none-eabi-gcc (Arm GNU Toolchain 13.2.rel1 (Build arm-13.7)) 13.2.1 20231009
Copyright (C) 2023 Free Software Foundation, Inc.
This is free software; see the source for copying conditions.  There is NO
warranty; not even for MERCHANTABILITY or FITNESS FOR A PARTICULAR PURPOSE.

configure:5480: $? = 0
configure:5469: arm-none-eabi-gcc -v >&5
Using built-in specs.
COLLECT_GCC=arm-none-eabi-gcc
COLLECT_LTO_WRAPPER=/opt/arm-gnu-toolchain-13.2.Rel1-x86_64-arm-none-eabi/bin/../libexec/gcc/arm-none-eabi/13.2.1/lto-wrapper
Target: arm-none-eabi
Configured with: /data/jenkins/workspace/GNU-toolchain/arm-13/src/gcc/configure --target=arm-none-eabi --prefix=/data/jenkins/workspace/GNU-toolchain/arm-13/build-arm-none-eabi/install --with-gmp=/data/jenkins/workspace/GNU-toolchain/arm-13/build-arm-none-eabi/host-tools --with-mpfr=/data/jenkins/workspace/GNU-toolchain/arm-13/build-arm-none-eabi/host-tools --with-mpc=/data/jenkins/workspace/GNU-toolchain/arm-13/build-arm-none-eabi/host-tools --with-isl=/data/jenkins/workspace/GNU-toolchain/arm-13/build-arm-none-eabi/host-tools --disable-shared --disable-nls --disable-threads --disable-tls --enable-checking=release --enable-languages=c,c++,fortran --with-newlib --with-gnu-as --with-headers=yes --with-gnu-ld --with-native-system-header-dir=/include --with-sysroot=/data/jenkins/workspace/GNU-toolchain/arm-13/build-arm-none-eabi/install/arm-none-eabi --with-multilib-list=aprofile,rmprofile --with-pkgversion='Arm GNU Toolchain 13.2.rel1 (Build arm-13.7)' --with-bugurl=https://bugs.linaro.org/
Thread model: single
Supported LTO compression algorithms: zlib
gcc version 13.2.1 20231009 (Arm GNU Toolchain 13.2.rel1 (Build arm-13.7)) 
configure:5480: $? = 0
configure:5469: arm-none-eabi-gcc -V >&5
arm-none-eabi-gcc: error: unrecognized command-line option '-V'
arm-none-eabi-gcc: fatal error: no input files
compilation terminated.
configure:5480: $? = 1
configure:5469: arm-none-eabi-gcc -qversion >&5
arm-none-eabi-gcc: error: unrecognized command-line option '-qversion'; did you mean '--version'?
arm-none-eabi-gcc: fatal error: no input files
compilation terminated.
configure:5480: $? = 1
configure:5469: arm-none-eabi-gcc -version >&5
arm-none-eabi-gcc: error: unrecognized command-line option '-version'
arm-none-eabi-gcc: fatal error: no input files
compilation terminated.
configure:5480: $? = 1
configure:5500: checking whether the C compiler works
configure:5522: arm-none-eabi-gcc -O2 -ggdb3 -mcpu=cortex-m4 -mthumb -ffunction-sections -fdata-sections -mfloat-abi=hard -mfpu=fpv4-sp-d16   -DLELY_HAVE_ITIMERSPEC=1   -DLELY_NO_MALLOC   -DLELY_NO_CO_OBJ_NAME   -DLELY_NO_CO_OBJ_LIMITS   -DLELY_NO_CO_OBJ_DEFAULT   -DLELY_NO_CO_OBJ_UPLOAD   -DLELY_NO_THREADS   -DLELY_NO_STDIO  -mcpu=cortex-m4 -mthumb -mfloat-abi=hard -mfpu=fpv4-sp-d16 -ffunction-sections -fdata-sections -Wl,--gc-sections --specs=nosys.specs conftest.c  >&5
/opt/arm-gnu-toolchain-13.2.Rel1-x86_64-arm-none-eabi/bin/../lib/gcc/arm-none-eabi/13.2.1/../../../../arm-none-eabi/bin/ld: /opt/arm-gnu-toolchain-13.2.Rel1-x86_64-arm-none-eabi/bin/../lib/gcc/arm-none-eabi/13.2.1/../../../../arm-none-eabi/lib/thumb/v7e-m+fp/hard/libg.a(libc_a-closer.o): in function `_close_r':
closer.c:(.text._close_r+0xc): warning: _close is not implemented and will always fail
/opt/arm-gnu-toolchain-13.2.Rel1-x86_64-arm-none-eabi/bin/../lib/gcc/arm-none-eabi/13.2.1/../../../../arm-none-eabi/bin/ld: /opt/arm-gnu-toolchain-13.2.Rel1-x86_64-arm-none-eabi/bin/../lib/gcc/arm-none-eabi/13.2.1/../../../../arm-none-eabi/lib/thumb/v7e-m+fp/hard/libg.a(libc_a-lseekr.o): in function `_lseek_r':
lseekr.c:(.text._lseek_r+0x14): warning: _lseek is not implemented and will always fail
/opt/arm-gnu-toolchain-13.2.Rel1-x86_64-arm-none-eabi/bin/../lib/gcc/arm-none-eabi/13.2.1/../../../../arm-none-eabi/bin/ld: /opt/arm-gnu-toolchain-13.2.Rel1-x86_64-arm-none-eabi/bin/../lib/gcc/arm-none-eabi/13.2.1/../../../../arm-none-eabi/lib/thumb/v7e-m+fp/hard/libg.a(libc_a-readr.o): in function `_read_r':
readr.c:(.text._read_r+0x14): warning: _read is not implemented and will always fail
/opt/arm-gnu-toolchain-13.2.Rel1-x86_64-arm-none-eabi/bin/../lib/gcc/arm-none-eabi/13.2.1/../../../../arm-none-eabi/bin/ld: /opt/arm-gnu-toolchain-13.2.Rel1-x86_64-arm-none-eabi/bin/../lib/gcc/arm-none-eabi/13.2.1/../../../../arm-none-eabi/lib/thumb/v7e-m+fp/hard/libg.a(libc_a-writer.o): in function `_write_r':
writer.c:(.text._write_r+0x14): warning: _write is not implemented and will always fail
configure:5526: $? = 0
configure:5576: result: yes
configure:5579: checking for C compiler default output file name
configure:5581: result: a.out
configure:5587: checking for suffix of executables
configure:5594: arm-none-eabi-gcc -o conftest -O2 -ggdb3 -mcpu=cortex-m4 -mthumb -ffunction-sections -fdata-sections -mfloat-abi=hard -mfpu=fpv4-sp-d16   -DLELY_HAVE_ITIMERSPEC=1   -DLELY_NO_MALLOC   -DLELY_NO_CO_OBJ_NAME   -DLELY_NO_CO_OBJ_LIMITS   -DLELY_NO_CO_OBJ_DEFAULT   -DLELY_NO_CO_OBJ_UPLOAD   -DLELY_NO_THREADS   -DLELY_NO_STDIO  -mcpu=cortex-m4 -mthumb -mfloat-abi=hard -mfpu=fpv4-sp-d16 -ffunction-sections -fdata-sections -Wl,--gc-sections --specs=nosys.specs conftest.c  >&5
/opt/arm-gnu-toolchain-13.2.Rel1-x86_64-arm-none-eabi/bin/../lib/gcc/arm-none-eabi/13.2.1/../../../../arm-none-eabi/bin/ld: /opt/arm-gnu-toolchain-13.2.Rel1-x86_64-arm-none-eabi/bin/../lib/gcc/arm-none-eabi/13.2.1/../../../../arm-none-eabi/lib/thumb/v7e-m+fp/hard/libg.a(libc_a-closer.o): in function `_close_r':
closer.c:(.text._close_r+0xc): warning: _close is not implemented and will always fail
/opt/arm-gnu-toolchain-13.2.Rel1-x86_64-arm-none-eabi/bin/../lib/gcc/arm-none-eabi/13.2.1/../../../../arm-none-eabi/bin/ld: /opt/arm-gnu-toolchain-13.2.Rel1-x86_64-arm-none-eabi/bin/../lib/gcc/arm-none-eabi/13.2.1/../../../../arm-none-eabi/lib/thumb/v7e-m+fp/hard/libg.a(libc_a-lseekr.o): in function `_lseek_r':
lseekr.c:(.text._lseek_r+0x14): warning: _lseek is not implemented and will always fail
/opt/arm-gnu-toolchain-13.2.Rel1-x86_64-arm-none-eabi/bin/../lib/gcc/arm-none-eabi/13.2.1/../../../../arm-none-eabi/bin/ld: /opt/arm-gnu-toolchain-13.2.Rel1-x86_64-arm-none-eabi/bin/../lib/gcc/arm-none-eabi/13.2.1/../../../../arm-none-eabi/lib/thumb/v7e-m+fp/hard/libg.a(libc_a-readr.o): in function `_read_r':
readr.c:(.text._read_r+0x14): warning: _read is not implemented and will always fail
/opt/arm-gnu-toolchain-13.2.Rel1-x86_64-arm-none-eabi/bin/../lib/gcc/arm-none-eabi/13.2.1/../../../../arm-none-eabi/bin/ld: /opt/arm-gnu-toolchain-13.2.Rel1-x86_64-arm-none-eabi/bin/../lib/gcc/arm-none-eabi/13.2.1/../../../../arm-none-eabi/lib/thumb/v7e-m+fp/hard/libg.a(libc_a-writer.o): in function `_write_r':
writer.c:(.text._write_r+0x14): warning: _write is not implemented and will always fail
configure:5598: $? = 0
configure:5621: result: 
configure:5643: checking whether we are cross compiling
configure:5651: arm-none-eabi-gcc -o conftest -O2 -ggdb3 -mcpu=cortex-m4 -mthumb -ffunction-sections -fdata-sections -mfloat-abi=hard -mfpu=fpv4-sp-d16   -DLELY_HAVE_ITIMERSPEC=1   -DLELY_NO_MALLOC   -DLELY_NO_CO_OBJ_NAME   -DLELY_NO_CO_OBJ_LIMITS   -DLELY_NO_CO_OBJ_DEFAULT   -DLELY_NO_CO_OBJ_UPLOAD   -DLELY_NO_THREADS   -DLELY_NO_STDIO  -mcpu=cortex-m4 -mthumb -mfloat-abi=hard -mfpu=fpv4-sp-d16 -ffunction-sections -fdata-sections -Wl,--gc-sections --specs=nosys.specs conftest.c  >&5
/opt/arm-gnu-toolchain-13.2.Rel1-x86_64-arm-none-eabi/bin/../lib/gcc/arm-none-eabi/13.2.1/../../../../arm-none-eabi/bin/ld: /opt/arm-gnu-toolchain-13.2.Rel1-x86_64-arm-none-eabi/bin/../lib/gcc/arm-none-eabi/13.2.1/../../../../arm-none-eabi/lib/thumb/v7e-m+fp/hard/libg.a(libc_a-closer.o): in function `_close_r':
closer.c:(.text._close_r+0xc): warning: _close is not implemented and will always fail
/opt/arm-gnu-toolchain-13.2.Rel1-x86_64-arm-none-eabi/bin/../lib/gcc/arm-none-eabi/13.2.1/../../../../arm-none-eabi/bin/ld: /opt/arm-gnu-toolchain-13.2.Rel1-x86_64-arm-none-eabi/bin/../lib/gcc/arm-none-eabi/13.2.1/../../../../arm-none-eabi/lib/thumb/v7e-m+fp/hard/libg.a(libc_a-fstatr.o): in function `_fstat_r':
fstatr.c:(.text._fstat_r+0x12): warning: _fstat is not implemented and will always fail
/opt/arm-gnu-toolchain-13.2.Rel1-x86_64-arm-none-eabi/bin/../lib/gcc/arm-none-eabi/13.2.1/../../../../arm-none-eabi/bin/ld: /opt/arm-gnu-toolchain-13.2.Rel1-x86_64-arm-none-eabi/bin/../lib/gcc/arm-none-eabi/13.2.1/../../../../arm-none-eabi/lib/thumb/v7e-m+fp/hard/libg.a(libc_a-isattyr.o): in function `_isatty_r':
isattyr.c:(.text._isatty_r+0xc): warning: _isatty is not implemented and will always fail
/opt/arm-gnu-toolchain-13.2.Rel1-x86_64-arm-none-eabi/bin/../lib/gcc/arm-none-eabi/13.2.1/../../../../arm-none-eabi/bin/ld: /opt/arm-gnu-toolchain-13.2.Rel1-x86_64-arm-none-eabi/bin/../lib/gcc/arm-none-eabi/13.2.1/../../../../arm-none-eabi/lib/thumb/v7e-m+fp/hard/libg.a(libc_a-lseekr.o): in function `_lseek_r':
lseekr.c:(.text._lseek_r+0x14): warning: _lseek is not implemented and will always fail
/opt/arm-gnu-toolchain-13.2.Rel1-x86_64-arm-none-eabi/bin/../lib/gcc/arm-none-eabi/13.2.1/../../../../arm-none-eabi/bin/ld: /opt/arm-gnu-toolchain-13.2.Rel1-x86_64-arm-none-eabi/bin/../lib/gcc/arm-none-eabi/13.2.1/../../../../arm-none-eabi/lib/thumb/v7e-m+fp/hard/libg.a(libc_a-openr.o): in function `_open_r':
openr.c:(.text._open_r+0x14): warning: _open is not implemented and will always fail
/opt/arm-gnu-toolchain-13.2.Rel1-x86_64-arm-none-eabi/bin/../lib/gcc/arm-none-eabi/13.2.1/../../../../arm-none-eabi/bin/ld: /opt/arm-gnu-toolchain-13.2.Rel1-x86_64-arm-none-eabi/bin/../lib/gcc/arm-none-eabi/13.2.1/../../../../arm-none-eabi/lib/thumb/v7e-m+fp/hard/libg.a(libc_a-readr.o): in function `_read_r':
readr.c:(.text._read_r+0x14): warning: _read is not implemented and will always fail
/opt/arm-gnu-toolchain-13.2.Rel1-x86_64-arm-none-eabi/bin/../lib/gcc/arm-none-eabi/13.2.1/../../../../arm-none-eabi/bin/ld: /opt/arm-gnu-toolchain-13.2.Rel1-x86_64-arm-none-eabi/bin/../lib/gcc/arm-none-eabi/13.2.1/../../../../arm-none-eabi/lib/thumb/v7e-m+fp/hard/libg.a(libc_a-writer.o): in function `_write_r':
writer.c:(.text._write_r+0x14): warning: _write is not implemented and will always fail
configure:5655: $? = 0
configure:5662: ./conftest
qemu: uncaught target signal 11 (Segmentation fault) - core dumped
/home/dawid/Desktop/SIROBOTICS/GIT/CanOpen-ECSS-Si-Robotics/lely-core/configure: line 5664: 29252 Segmentation fault      (core dumped) ./conftest$ac_cv_exeext
configure:5666: $? = 139
configure:5681: result: yes
configure:5686: checking for suffix of object files
configure:5709: arm-none-eabi-gcc -c -O2 -ggdb3 -mcpu=cortex-m4 -mthumb -ffunction-sections -fdata-sections -mfloat-abi=hard -mfpu=fpv4-sp-d16   -DLELY_HAVE_ITIMERSPEC=1   -DLELY_NO_MALLOC   -DLELY_NO_CO_OBJ_NAME   -DLELY_NO_CO_OBJ_LIMITS   -DLELY_NO_CO_OBJ_DEFAULT   -DLELY_NO_CO_OBJ_UPLOAD   -DLELY_NO_THREADS   -DLELY_NO_STDIO  conftest.c >&5
configure:5713: $? = 0
configure:5735: result: o
configure:5739: checking whether the compiler supports GNU C
configure:5759: arm-none-eabi-gcc -c -O2 -ggdb3 -mcpu=cortex-m4 -mthumb -ffunction-sections -fdata-sections -mfloat-abi=hard -mfpu=fpv4-sp-d16   -DLELY_HAVE_ITIMERSPEC=1   -DLELY_NO_MALLOC   -DLELY_NO_CO_OBJ_NAME   -DLELY_NO_CO_OBJ_LIMITS   -DLELY_NO_CO_OBJ_DEFAULT   -DLELY_NO_CO_OBJ_UPLOAD   -DLELY_NO_THREADS   -DLELY_NO_STDIO  conftest.c >&5
configure:5759: $? = 0
configure:5769: result: yes
configure:5780: checking whether arm-none-eabi-gcc accepts -g
configure:5801: arm-none-eabi-gcc -c -g  conftest.c >&5
configure:5801: $? = 0
configure:5845: result: yes
configure:5865: checking for arm-none-eabi-gcc option to enable C11 features
configure:5880: arm-none-eabi-gcc  -c -O2 -ggdb3 -mcpu=cortex-m4 -mthumb -ffunction-sections -fdata-sections -mfloat-abi=hard -mfpu=fpv4-sp-d16   -DLELY_HAVE_ITIMERSPEC=1   -DLELY_NO_MALLOC   -DLELY_NO_CO_OBJ_NAME   -DLELY_NO_CO_OBJ_LIMITS   -DLELY_NO_CO_OBJ_DEFAULT   -DLELY_NO_CO_OBJ_UPLOAD   -DLELY_NO_THREADS   -DLELY_NO_STDIO  conftest.c >&5
configure:5880: $? = 0
configure:5898: result: none needed
configure:6014: checking whether arm-none-eabi-gcc understands -c and -o together
configure:6037: arm-none-eabi-gcc -c conftest.c -o conftest2.o
configure:6040: $? = 0
configure:6037: arm-none-eabi-gcc -c conftest.c -o conftest2.o
configure:6040: $? = 0
configure:6052: result: yes
configure:6071: checking dependency style of arm-none-eabi-gcc
configure:6183: result: gcc3
configure:6204: checking for stdio.h
configure:6204: arm-none-eabi-gcc -c -O2 -ggdb3 -mcpu=cortex-m4 -mthumb -ffunction-sections -fdata-sections -mfloat-abi=hard -mfpu=fpv4-sp-d16   -DLELY_HAVE_ITIMERSPEC=1   -DLELY_NO_MALLOC   -DLELY_NO_CO_OBJ_NAME   -DLELY_NO_CO_OBJ_LIMITS   -DLELY_NO_CO_OBJ_DEFAULT   -DLELY_NO_CO_OBJ_UPLOAD   -DLELY_NO_THREADS   -DLELY_NO_STDIO  conftest.c >&5
configure:6204: $? = 0
configure:6204: result: yes
configure:6204: checking for stdlib.h
configure:6204: arm-none-eabi-gcc -c -O2 -ggdb3 -mcpu=cortex-m4 -mthumb -ffunction-sections -fdata-sections -mfloat-abi=hard -mfpu=fpv4-sp-d16   -DLELY_HAVE_ITIMERSPEC=1   -DLELY_NO_MALLOC   -DLELY_NO_CO_OBJ_NAME   -DLELY_NO_CO_OBJ_LIMITS   -DLELY_NO_CO_OBJ_DEFAULT   -DLELY_NO_CO_OBJ_UPLOAD   -DLELY_NO_THREADS   -DLELY_NO_STDIO  conftest.c >&5
configure:6204: $? = 0
configure:6204: result: yes
configure:6204: checking for string.h
configure:6204: arm-none-eabi-gcc -c -O2 -ggdb3 -mcpu=cortex-m4 -mthumb -ffunction-sections -fdata-sections -mfloat-abi=hard -mfpu=fpv4-sp-d16   -DLELY_HAVE_ITIMERSPEC=1   -DLELY_NO_MALLOC   -DLELY_NO_CO_OBJ_NAME   -DLELY_NO_CO_OBJ_LIMITS   -DLELY_NO_CO_OBJ_DEFAULT   -DLELY_NO_CO_OBJ_UPLOAD   -DLELY_NO_THREADS   -DLELY_NO_STDIO  conftest.c >&5
configure:6204: $? = 0
configure:6204: result: yes
configure:6204: checking for inttypes.h
configure:6204: arm-none-eabi-gcc -c -O2 -ggdb3 -mcpu=cortex-m4 -mthumb -ffunction-sections -fdata-sections -mfloat-abi=hard -mfpu=fpv4-sp-d16   -DLELY_HAVE_ITIMERSPEC=1   -DLELY_NO_MALLOC   -DLELY_NO_CO_OBJ_NAME   -DLELY_NO_CO_OBJ_LIMITS   -DLELY_NO_CO_OBJ_DEFAULT   -DLELY_NO_CO_OBJ_UPLOAD   -DLELY_NO_THREADS   -DLELY_NO_STDIO  conftest.c >&5
configure:6204: $? = 0
configure:6204: result: yes
configure:6204: checking for stdint.h
configure:6204: arm-none-eabi-gcc -c -O2 -ggdb3 -mcpu=cortex-m4 -mthumb -ffunction-sections -fdata-sections -mfloat-abi=hard -mfpu=fpv4-sp-d16   -DLELY_HAVE_ITIMERSPEC=1   -DLELY_NO_MALLOC   -DLELY_NO_CO_OBJ_NAME   -DLELY_NO_CO_OBJ_LIMITS   -DLELY_NO_CO_OBJ_DEFAULT   -DLELY_NO_CO_OBJ_UPLOAD   -DLELY_NO_THREADS   -DLELY_NO_STDIO  conftest.c >&5
configure:6204: $? = 0
configure:6204: result: yes
configure:6204: checking for strings.h
configure:6204: arm-none-eabi-gcc -c -O2 -ggdb3 -mcpu=cortex-m4 -mthumb -ffunction-sections -fdata-sections -mfloat-abi=hard -mfpu=fpv4-sp-d16   -DLELY_HAVE_ITIMERSPEC=1   -DLELY_NO_MALLOC   -DLELY_NO_CO_OBJ_NAME   -DLELY_NO_CO_OBJ_LIMITS   -DLELY_NO_CO_OBJ_DEFAULT   -DLELY_NO_CO_OBJ_UPLOAD   -DLELY_NO_THREADS   -DLELY_NO_STDIO  conftest.c >&5
configure:6204: $? = 0
configure:6204: result: yes
configure:6204: checking for sys/stat.h
configure:6204: arm-none-eabi-gcc -c -O2 -ggdb3 -mcpu=cortex-m4 -mthumb -ffunction-sections -fdata-sections -mfloat-abi=hard -mfpu=fpv4-sp-d16   -DLELY_HAVE_ITIMERSPEC=1   -DLELY_NO_MALLOC   -DLELY_NO_CO_OBJ_NAME   -DLELY_NO_CO_OBJ_LIMITS   -DLELY_NO_CO_OBJ_DEFAULT   -DLELY_NO_CO_OBJ_UPLOAD   -DLELY_NO_THREADS   -DLELY_NO_STDIO  conftest.c >&5
configure:6204: $? = 0
configure:6204: result: yes
configure:6204: checking for sys/types.h
configure:6204: arm-none-eabi-gcc -c -O2 -ggdb3 -mcpu=cortex-m4 -mthumb -ffunction-sections -fdata-sections -mfloat-abi=hard -mfpu=fpv4-sp-d16   -DLELY_HAVE_ITIMERSPEC=1   -DLELY_NO_MALLOC   -DLELY_NO_CO_OBJ_NAME   -DLELY_NO_CO_OBJ_LIMITS   -DLELY_NO_CO_OBJ_DEFAULT   -DLELY_NO_CO_OBJ_UPLOAD   -DLELY_NO_THREADS   -DLELY_NO_STDIO  conftest.c >&5
configure:6204: $? = 0
configure:6204: result: yes
configure:6204: checking for unistd.h
configure:6204: arm-none-eabi-gcc -c -O2 -ggdb3 -mcpu=cortex-m4 -mthumb -ffunction-sections -fdata-sections -mfloat-abi=hard -mfpu=fpv4-sp-d16   -DLELY_HAVE_ITIMERSPEC=1   -DLELY_NO_MALLOC   -DLELY_NO_CO_OBJ_NAME   -DLELY_NO_CO_OBJ_LIMITS   -DLELY_NO_CO_OBJ_DEFAULT   -DLELY_NO_CO_OBJ_UPLOAD   -DLELY_NO_THREADS   -DLELY_NO_STDIO  conftest.c >&5
configure:6204: $? = 0
configure:6204: result: yes
configure:6204: checking for wchar.h
configure:6204: arm-none-eabi-gcc -c -O2 -ggdb3 -mcpu=cortex-m4 -mthumb -ffunction-sections -fdata-sections -mfloat-abi=hard -mfpu=fpv4-sp-d16   -DLELY_HAVE_ITIMERSPEC=1   -DLELY_NO_MALLOC   -DLELY_NO_CO_OBJ_NAME   -DLELY_NO_CO_OBJ_LIMITS   -DLELY_NO_CO_OBJ_DEFAULT   -DLELY_NO_CO_OBJ_UPLOAD   -DLELY_NO_THREADS   -DLELY_NO_STDIO  conftest.c >&5
configure:6204: $? = 0
configure:6204: result: yes
configure:6204: checking for minix/config.h
configure:6204: arm-none-eabi-gcc -c -O2 -ggdb3 -mcpu=cortex-m4 -mthumb -ffunction-sections -fdata-sections -mfloat-abi=hard -mfpu=fpv4-sp-d16   -DLELY_HAVE_ITIMERSPEC=1   -DLELY_NO_MALLOC   -DLELY_NO_CO_OBJ_NAME   -DLELY_NO_CO_OBJ_LIMITS   -DLELY_NO_CO_OBJ_DEFAULT   -DLELY_NO_CO_OBJ_UPLOAD   -DLELY_NO_THREADS   -DLELY_NO_STDIO  conftest.c >&5
conftest.c:49:10: fatal error: minix/config.h: No such file or directory
   49 | #include <minix/config.h>
      |          ^~~~~~~~~~~~~~~~
compilation terminated.
configure:6204: $? = 1
configure: failed program was:
| /* confdefs.h */
| #define PACKAGE_NAME "Lely core libraries"
| #define PACKAGE_TARNAME "lely-core"
| #define PACKAGE_VERSION "3.5.0"
| #define PACKAGE_STRING "Lely core libraries 3.5.0"
| #define PACKAGE_BUGREPORT ""
| #define PACKAGE_URL ""
| #define PACKAGE "lely-core"
| #define VERSION "3.5.0"
| #define HAVE_STDIO_H 1
| #define HAVE_STDLIB_H 1
| #define HAVE_STRING_H 1
| #define HAVE_INTTYPES_H 1
| #define HAVE_STDINT_H 1
| #define HAVE_STRINGS_H 1
| #define HAVE_SYS_STAT_H 1
| #define HAVE_SYS_TYPES_H 1
| #define HAVE_UNISTD_H 1
| #define HAVE_WCHAR_H 1
| /* end confdefs.h.  */
| #include <stddef.h>
| #ifdef HAVE_STDIO_H
| # include <stdio.h>
| #endif
| #ifdef HAVE_STDLIB_H
| # include <stdlib.h>
| #endif
| #ifdef HAVE_STRING_H
| # include <string.h>
| #endif
| #ifdef HAVE_INTTYPES_H
| # include <inttypes.h>
| #endif
| #ifdef HAVE_STDINT_H
| # include <stdint.h>
| #endif
| #ifdef HAVE_STRINGS_H
| # include <strings.h>
| #endif
| #ifdef HAVE_SYS_TYPES_H
| # include <sys/types.h>
| #endif
| #ifdef HAVE_SYS_STAT_H
| # include <sys/stat.h>
| #endif
| #ifdef HAVE_UNISTD_H
| # include <unistd.h>
| #endif
| #include <minix/config.h>
configure:6204: result: no
configure:6235: checking whether it is safe to define __EXTENSIONS__
configure:6254: arm-none-eabi-gcc -c -O2 -ggdb3 -mcpu=cortex-m4 -mthumb -ffunction-sections -fdata-sections -mfloat-abi=hard -mfpu=fpv4-sp-d16   -DLELY_HAVE_ITIMERSPEC=1   -DLELY_NO_MALLOC   -DLELY_NO_CO_OBJ_NAME   -DLELY_NO_CO_OBJ_LIMITS   -DLELY_NO_CO_OBJ_DEFAULT   -DLELY_NO_CO_OBJ_UPLOAD   -DLELY_NO_THREADS   -DLELY_NO_STDIO  conftest.c >&5
configure:6254: $? = 0
configure:6262: result: yes
configure:6265: checking whether _XOPEN_SOURCE should be defined
configure:6287: arm-none-eabi-gcc -c -O2 -ggdb3 -mcpu=cortex-m4 -mthumb -ffunction-sections -fdata-sections -mfloat-abi=hard -mfpu=fpv4-sp-d16   -DLELY_HAVE_ITIMERSPEC=1   -DLELY_NO_MALLOC   -DLELY_NO_CO_OBJ_NAME   -DLELY_NO_CO_OBJ_LIMITS   -DLELY_NO_CO_OBJ_DEFAULT   -DLELY_NO_CO_OBJ_UPLOAD   -DLELY_NO_THREADS   -DLELY_NO_STDIO  conftest.c >&5
configure:6287: $? = 0
configure:6314: result: no
configure:6505: checking for C++ compiler version
configure:6514: arm-none-eabi-g++ --version >&5
arm-none-eabi-g++ (Arm GNU Toolchain 13.2.rel1 (Build arm-13.7)) 13.2.1 20231009
Copyright (C) 2023 Free Software Foundation, Inc.
This is free software; see the source for copying conditions.  There is NO
warranty; not even for MERCHANTABILITY or FITNESS FOR A PARTICULAR PURPOSE.

configure:6525: $? = 0
configure:6514: arm-none-eabi-g++ -v >&5
Using built-in specs.
COLLECT_GCC=arm-none-eabi-g++
COLLECT_LTO_WRAPPER=/opt/arm-gnu-toolchain-13.2.Rel1-x86_64-arm-none-eabi/bin/../libexec/gcc/arm-none-eabi/13.2.1/lto-wrapper
Target: arm-none-eabi
Configured with: /data/jenkins/workspace/GNU-toolchain/arm-13/src/gcc/configure --target=arm-none-eabi --prefix=/data/jenkins/workspace/GNU-toolchain/arm-13/build-arm-none-eabi/install --with-gmp=/data/jenkins/workspace/GNU-toolchain/arm-13/build-arm-none-eabi/host-tools --with-mpfr=/data/jenkins/workspace/GNU-toolchain/arm-13/build-arm-none-eabi/host-tools --with-mpc=/data/jenkins/workspace/GNU-toolchain/arm-13/build-arm-none-eabi/host-tools --with-isl=/data/jenkins/workspace/GNU-toolchain/arm-13/build-arm-none-eabi/host-tools --disable-shared --disable-nls --disable-threads --disable-tls --enable-checking=release --enable-languages=c,c++,fortran --with-newlib --with-gnu-as --with-headers=yes --with-gnu-ld --with-native-system-header-dir=/include --with-sysroot=/data/jenkins/workspace/GNU-toolchain/arm-13/build-arm-none-eabi/install/arm-none-eabi --with-multilib-list=aprofile,rmprofile --with-pkgversion='Arm GNU Toolchain 13.2.rel1 (Build arm-13.7)' --with-bugurl=https://bugs.linaro.org/
Thread model: single
Supported LTO compression algorithms: zlib
gcc version 13.2.1 20231009 (Arm GNU Toolchain 13.2.rel1 (Build arm-13.7)) 
configure:6525: $? = 0
configure:6514: arm-none-eabi-g++ -V >&5
arm-none-eabi-g++: error: unrecognized command-line option '-V'
arm-none-eabi-g++: fatal error: no input files
compilation terminated.
configure:6525: $? = 1
configure:6514: arm-none-eabi-g++ -qversion >&5
arm-none-eabi-g++: error: unrecognized command-line option '-qversion'; did you mean '--version'?
arm-none-eabi-g++: fatal error: no input files
compilation terminated.
configure:6525: $? = 1
configure:6529: checking whether the compiler supports GNU C++
configure:6549: arm-none-eabi-g++ -c   conftest.cpp >&5
configure:6549: $? = 0
configure:6559: result: yes
configure:6570: checking whether arm-none-eabi-g++ accepts -g
configure:6591: arm-none-eabi-g++ -c -g  conftest.cpp >&5
configure:6591: $? = 0
configure:6635: result: yes
configure:6655: checking for arm-none-eabi-g++ option to enable C++11 features
configure:6670: arm-none-eabi-g++  -c -g -O2  conftest.cpp >&5
conftest.cpp: In function 'int main(int, char**)':
conftest.cpp:204:25: warning: empty parentheses were disambiguated as a function declaration [-Wvexing-parse]
  204 |   cxx11test::delegate d2();
      |                         ^~
conftest.cpp:204:25: note: remove parentheses to default-initialize a variable
  204 |   cxx11test::delegate d2();
      |                         ^~
      |                         --
conftest.cpp:204:25: note: or replace parentheses with braces to value-initialize a variable
configure:6670: $? = 0
configure:6688: result: none needed
configure:6754: checking dependency style of arm-none-eabi-g++
configure:6866: result: gcc3
configure:6896: checking whether arm-none-eabi-g++ supports C++11 features with -std=gnu++11
configure:7199: arm-none-eabi-g++ -std=gnu++11 -c -g -O2  conftest.cpp >&5
configure:7199: $? = 0
configure:7209: result: yes
configure:7295: checking how to print strings
configure:7322: result: printf
configure:7343: checking for a sed that does not truncate output
configure:7413: result: /usr/bin/sed
configure:7431: checking for grep that handles long lines and -e
configure:7495: result: /usr/bin/grep
configure:7500: checking for egrep
configure:7568: result: /usr/bin/grep -E
configure:7573: checking for fgrep
configure:7641: result: /usr/bin/grep -F
configure:7677: checking for ld used by arm-none-eabi-gcc
configure:7745: result: /opt/arm-gnu-toolchain-13.2.Rel1-x86_64-arm-none-eabi/arm-none-eabi/bin/ld
configure:7752: checking if the linker (/opt/arm-gnu-toolchain-13.2.Rel1-x86_64-arm-none-eabi/arm-none-eabi/bin/ld) is GNU ld
configure:7768: result: yes
configure:7780: checking for BSD- or MS-compatible name lister (nm)
configure:7835: result: /opt/arm-gnu-toolchain-13.2.Rel1-x86_64-arm-none-eabi/bin/arm-none-eabi-nm -B
configure:7975: checking the name lister (/opt/arm-gnu-toolchain-13.2.Rel1-x86_64-arm-none-eabi/bin/arm-none-eabi-nm -B) interface
configure:7983: arm-none-eabi-g++ -std=gnu++11 -c -g -O2 -Wall -Wextra -pedantic -Werror  conftest.cpp >&5
configure:7986: /opt/arm-gnu-toolchain-13.2.Rel1-x86_64-arm-none-eabi/bin/arm-none-eabi-nm -B "conftest.o"
configure:7989: output
00000000 B some_variable
configure:7996: result: BSD nm
configure:7999: checking whether ln -s works
configure:8003: result: yes
configure:8011: checking the maximum length of command line arguments
configure:8143: result: 1572864
configure:8191: checking how to convert x86_64-pc-linux-gnu file names to arm-none-eabi format
configure:8232: result: func_convert_file_noop
configure:8239: checking how to convert x86_64-pc-linux-gnu file names to toolchain format
configure:8260: result: func_convert_file_noop
configure:8267: checking for /opt/arm-gnu-toolchain-13.2.Rel1-x86_64-arm-none-eabi/arm-none-eabi/bin/ld option to reload object files
configure:8275: result: -r
configure:8309: checking for arm-none-eabi-objdump
configure:8330: found /opt/arm-gnu-toolchain-13.2.Rel1-x86_64-arm-none-eabi/bin/arm-none-eabi-objdump
configure:8341: result: arm-none-eabi-objdump
configure:8415: checking how to recognize dependent libraries
configure:8616: result: unknown
configure:8661: checking for arm-none-eabi-dlltool
configure:8696: result: no
configure:8706: checking for dlltool
configure:8741: result: no
configure:8768: checking how to associate runtime and link libraries
configure:8796: result: printf %s\n
configure:8812: checking for arm-none-eabi-ar
configure:8844: result: arm-none-eabi-ar
configure:8930: checking for archiver @FILE support
configure:8948: arm-none-eabi-g++ -std=gnu++11 -c -g -O2 -Wall -Wextra -pedantic -Werror  conftest.cpp >&5
configure:8948: $? = 0
configure:8952: arm-none-eabi-ar cr libconftest.a @conftest.lst >&5
configure:8955: $? = 0
configure:8960: arm-none-eabi-ar cr libconftest.a @conftest.lst >&5
arm-none-eabi-ar: conftest.o: No such file or directory
configure:8963: $? = 1
configure:8975: result: @
configure:8993: checking for arm-none-eabi-strip
configure:9025: result: arm-none-eabi-strip
configure:9102: checking for arm-none-eabi-ranlib
configure:9134: result: arm-none-eabi-ranlib
configure:9281: checking command to parse /opt/arm-gnu-toolchain-13.2.Rel1-x86_64-arm-none-eabi/bin/arm-none-eabi-nm -B output from arm-none-eabi-gcc object
configure:9435: arm-none-eabi-g++ -std=gnu++11 -c -g -O2 -Wall -Wextra -pedantic -Werror  conftest.cpp >&5
configure:9438: $? = 0
configure:9442: /opt/arm-gnu-toolchain-13.2.Rel1-x86_64-arm-none-eabi/bin/arm-none-eabi-nm -B conftest.o | sed -n -e 's/^.*[	 ]\([ABCDGIRSTW][ABCDGIRSTW]*\)[	 ][	 ]*\([_A-Za-z][_A-Za-z0-9]*\)$/\1 \2 \2/p' | sed '/ __gnu_lto/d' > conftest.nm
configure:9508: arm-none-eabi-g++ -std=gnu++11 -o conftest -g -O2 -Wall -Wextra -pedantic -Werror  -mcpu=cortex-m4 -mthumb -mfloat-abi=hard -mfpu=fpv4-sp-d16 -ffunction-sections -fdata-sections -Wl,--gc-sections --specs=nosys.specs conftest.cpp conftstm.o >&5
/opt/arm-gnu-toolchain-13.2.Rel1-x86_64-arm-none-eabi/bin/../lib/gcc/arm-none-eabi/13.2.1/../../../../arm-none-eabi/bin/ld: /opt/arm-gnu-toolchain-13.2.Rel1-x86_64-arm-none-eabi/bin/../lib/gcc/arm-none-eabi/13.2.1/../../../../arm-none-eabi/lib/thumb/v7e-m+fp/hard/libg.a(libc_a-closer.o): in function `_close_r':
closer.c:(.text._close_r+0xc): warning: _close is not implemented and will always fail
/opt/arm-gnu-toolchain-13.2.Rel1-x86_64-arm-none-eabi/bin/../lib/gcc/arm-none-eabi/13.2.1/../../../../arm-none-eabi/bin/ld: /opt/arm-gnu-toolchain-13.2.Rel1-x86_64-arm-none-eabi/bin/../lib/gcc/arm-none-eabi/13.2.1/../../../../arm-none-eabi/lib/thumb/v7e-m+fp/hard/libg.a(libc_a-lseekr.o): in function `_lseek_r':
lseekr.c:(.text._lseek_r+0x14): warning: _lseek is not implemented and will always fail
/opt/arm-gnu-toolchain-13.2.Rel1-x86_64-arm-none-eabi/bin/../lib/gcc/arm-none-eabi/13.2.1/../../../../arm-none-eabi/bin/ld: /opt/arm-gnu-toolchain-13.2.Rel1-x86_64-arm-none-eabi/bin/../lib/gcc/arm-none-eabi/13.2.1/../../../../arm-none-eabi/lib/thumb/v7e-m+fp/hard/libg.a(libc_a-readr.o): in function `_read_r':
readr.c:(.text._read_r+0x14): warning: _read is not implemented and will always fail
/opt/arm-gnu-toolchain-13.2.Rel1-x86_64-arm-none-eabi/bin/../lib/gcc/arm-none-eabi/13.2.1/../../../../arm-none-eabi/bin/ld: /opt/arm-gnu-toolchain-13.2.Rel1-x86_64-arm-none-eabi/bin/../lib/gcc/arm-none-eabi/13.2.1/../../../../arm-none-eabi/lib/thumb/v7e-m+fp/hard/libg.a(libc_a-writer.o): in function `_write_r':
writer.c:(.text._write_r+0x14): warning: _write is not implemented and will always fail
/opt/arm-gnu-toolchain-13.2.Rel1-x86_64-arm-none-eabi/bin/../lib/gcc/arm-none-eabi/13.2.1/../../../../arm-none-eabi/bin/ld: error: conftest uses VFP register arguments, conftstm.o does not
/opt/arm-gnu-toolchain-13.2.Rel1-x86_64-arm-none-eabi/bin/../lib/gcc/arm-none-eabi/13.2.1/../../../../arm-none-eabi/bin/ld: failed to merge target specific data of file conftstm.o
collect2: error: ld returned 1 exit status
configure:9511: $? = 1
configure:9435: arm-none-eabi-g++ -std=gnu++11 -c -g -O2 -Wall -Wextra -pedantic -Werror  conftest.cpp >&5
configure:9438: $? = 0
configure:9442: /opt/arm-gnu-toolchain-13.2.Rel1-x86_64-arm-none-eabi/bin/arm-none-eabi-nm -B conftest.o | sed -n -e 's/^.*[	 ]\([ABCDGIRSTW][ABCDGIRSTW]*\)[	 ][	 ]*_\([_A-Za-z][_A-Za-z0-9]*\)$/\1 _\2 \2/p' | sed '/ __gnu_lto/d' > conftest.nm
cannot run sed -n -e 's/^.*[	 ]\([ABCDGIRSTW][ABCDGIRSTW]*\)[	 ][	 ]*_\([_A-Za-z][_A-Za-z0-9]*\)$/\1 _\2 \2/p' | sed '/ __gnu_lto/d'
configure:9546: result: failed
configure:9596: checking for sysroot
configure:9627: result: no
configure:9634: checking for a working dd
configure:9678: result: /usr/bin/dd
configure:9682: checking how to truncate binary pipes
configure:9698: result: /usr/bin/dd bs=4096 count=1
configure:9990: checking for arm-none-eabi-mt
configure:10025: result: no
configure:10035: checking for mt
configure:10056: found /usr/bin/mt
configure:10067: result: mt
configure:10079: WARNING: using cross tools not prefixed with host triplet
configure:10090: checking if mt is a manifest tool
configure:10097: mt '-?'
configure:10105: result: no
configure:10831: checking for dlfcn.h
configure:10831: arm-none-eabi-g++ -std=gnu++11 -c -g -O2 -Wall -Wextra -pedantic -Werror  conftest.cpp >&5
conftest.cpp:68:10: fatal error: dlfcn.h: No such file or directory
   68 | #include <dlfcn.h>
      |          ^~~~~~~~~
compilation terminated.
configure:10831: $? = 1
configure: failed program was:
| /* confdefs.h */
| #define PACKAGE_NAME "Lely core libraries"
| #define PACKAGE_TARNAME "lely-core"
| #define PACKAGE_VERSION "3.5.0"
| #define PACKAGE_STRING "Lely core libraries 3.5.0"
| #define PACKAGE_BUGREPORT ""
| #define PACKAGE_URL ""
| #define PACKAGE "lely-core"
| #define VERSION "3.5.0"
| #define HAVE_STDIO_H 1
| #define HAVE_STDLIB_H 1
| #define HAVE_STRING_H 1
| #define HAVE_INTTYPES_H 1
| #define HAVE_STDINT_H 1
| #define HAVE_STRINGS_H 1
| #define HAVE_SYS_STAT_H 1
| #define HAVE_SYS_TYPES_H 1
| #define HAVE_UNISTD_H 1
| #define HAVE_WCHAR_H 1
| #define STDC_HEADERS 1
| #define _ALL_SOURCE 1
| #define _DARWIN_C_SOURCE 1
| #define _GNU_SOURCE 1
| #define _HPUX_ALT_XOPEN_SOCKET_API 1
| #define _NETBSD_SOURCE 1
| #define _OPENBSD_SOURCE 1
| #define _POSIX_PTHREAD_SEMANTICS 1
| #define __STDC_WANT_IEC_60559_ATTRIBS_EXT__ 1
| #define __STDC_WANT_IEC_60559_BFP_EXT__ 1
| #define __STDC_WANT_IEC_60559_DFP_EXT__ 1
| #define __STDC_WANT_IEC_60559_FUNCS_EXT__ 1
| #define __STDC_WANT_IEC_60559_TYPES_EXT__ 1
| #define __STDC_WANT_LIB_EXT2__ 1
| #define __STDC_WANT_MATH_SPEC_FUNCS__ 1
| #define _TANDEM_SOURCE 1
| #define __EXTENSIONS__ 1
| #define HAVE_CXX11 1
| /* end confdefs.h.  */
| #include <stddef.h>
| #ifdef HAVE_STDIO_H
| # include <stdio.h>
| #endif
| #ifdef HAVE_STDLIB_H
| # include <stdlib.h>
| #endif
| #ifdef HAVE_STRING_H
| # include <string.h>
| #endif
| #ifdef HAVE_INTTYPES_H
| # include <inttypes.h>
| #endif
| #ifdef HAVE_STDINT_H
| # include <stdint.h>
| #endif
| #ifdef HAVE_STRINGS_H
| # include <strings.h>
| #endif
| #ifdef HAVE_SYS_TYPES_H
| # include <sys/types.h>
| #endif
| #ifdef HAVE_SYS_STAT_H
| # include <sys/stat.h>
| #endif
| #ifdef HAVE_UNISTD_H
| # include <unistd.h>
| #endif
| 
| #include <dlfcn.h>
configure:10831: result: no
configure:11428: checking for objdir
configure:11444: result: .libs
configure:11708: checking if arm-none-eabi-gcc supports -fno-rtti -fno-exceptions
configure:11727: arm-none-eabi-gcc -c -O2 -ggdb3 -mcpu=cortex-m4 -mthumb -ffunction-sections -fdata-sections -mfloat-abi=hard -mfpu=fpv4-sp-d16   -DLELY_HAVE_ITIMERSPEC=1   -DLELY_NO_MALLOC   -DLELY_NO_CO_OBJ_NAME   -DLELY_NO_CO_OBJ_LIMITS   -DLELY_NO_CO_OBJ_DEFAULT   -DLELY_NO_CO_OBJ_UPLOAD   -DLELY_NO_THREADS   -DLELY_NO_STDIO  -fno-rtti -fno-exceptions conftest.c >&5
cc1: warning: command-line option '-fno-rtti' is valid for C++/D/ObjC++ but not for C
configure:11731: $? = 0
configure:11744: result: no
configure:12108: checking for arm-none-eabi-gcc option to produce PIC
configure:12116: result: -fPIC -DPIC
configure:12124: checking if arm-none-eabi-gcc PIC flag -fPIC -DPIC works
configure:12143: arm-none-eabi-gcc -c -O2 -ggdb3 -mcpu=cortex-m4 -mthumb -ffunction-sections -fdata-sections -mfloat-abi=hard -mfpu=fpv4-sp-d16   -DLELY_HAVE_ITIMERSPEC=1   -DLELY_NO_MALLOC   -DLELY_NO_CO_OBJ_NAME   -DLELY_NO_CO_OBJ_LIMITS   -DLELY_NO_CO_OBJ_DEFAULT   -DLELY_NO_CO_OBJ_UPLOAD   -DLELY_NO_THREADS   -DLELY_NO_STDIO  -fPIC -DPIC -DPIC conftest.c >&5
configure:12147: $? = 0
configure:12160: result: yes
configure:12189: checking if arm-none-eabi-gcc static flag -static works
/opt/arm-gnu-toolchain-13.2.Rel1-x86_64-arm-none-eabi/bin/../lib/gcc/arm-none-eabi/13.2.1/../../../../arm-none-eabi/bin/ld: /opt/arm-gnu-toolchain-13.2.Rel1-x86_64-arm-none-eabi/bin/../lib/gcc/arm-none-eabi/13.2.1/../../../../arm-none-eabi/lib/thumb/v7e-m+fp/hard/libg.a(libc_a-closer.o): in function `_close_r':
closer.c:(.text._close_r+0xc): warning: _close is not implemented and will always fail
/opt/arm-gnu-toolchain-13.2.Rel1-x86_64-arm-none-eabi/bin/../lib/gcc/arm-none-eabi/13.2.1/../../../../arm-none-eabi/bin/ld: /opt/arm-gnu-toolchain-13.2.Rel1-x86_64-arm-none-eabi/bin/../lib/gcc/arm-none-eabi/13.2.1/../../../../arm-none-eabi/lib/thumb/v7e-m+fp/hard/libg.a(libc_a-lseekr.o): in function `_lseek_r':
lseekr.c:(.text._lseek_r+0x14): warning: _lseek is not implemented and will always fail
/opt/arm-gnu-toolchain-13.2.Rel1-x86_64-arm-none-eabi/bin/../lib/gcc/arm-none-eabi/13.2.1/../../../../arm-none-eabi/bin/ld: /opt/arm-gnu-toolchain-13.2.Rel1-x86_64-arm-none-eabi/bin/../lib/gcc/arm-none-eabi/13.2.1/../../../../arm-none-eabi/lib/thumb/v7e-m+fp/hard/libg.a(libc_a-readr.o): in function `_read_r':
readr.c:(.text._read_r+0x14): warning: _read is not implemented and will always fail
/opt/arm-gnu-toolchain-13.2.Rel1-x86_64-arm-none-eabi/bin/../lib/gcc/arm-none-eabi/13.2.1/../../../../arm-none-eabi/bin/ld: /opt/arm-gnu-toolchain-13.2.Rel1-x86_64-arm-none-eabi/bin/../lib/gcc/arm-none-eabi/13.2.1/../../../../arm-none-eabi/lib/thumb/v7e-m+fp/hard/libg.a(libc_a-writer.o): in function `_write_r':
writer.c:(.text._write_r+0x14): warning: _write is not implemented and will always fail
configure:12218: result: yes
configure:12233: checking if arm-none-eabi-gcc supports -c -o file.o
configure:12255: arm-none-eabi-gcc -c -O2 -ggdb3 -mcpu=cortex-m4 -mthumb -ffunction-sections -fdata-sections -mfloat-abi=hard -mfpu=fpv4-sp-d16   -DLELY_HAVE_ITIMERSPEC=1   -DLELY_NO_MALLOC   -DLELY_NO_CO_OBJ_NAME   -DLELY_NO_CO_OBJ_LIMITS   -DLELY_NO_CO_OBJ_DEFAULT   -DLELY_NO_CO_OBJ_UPLOAD   -DLELY_NO_THREADS   -DLELY_NO_STDIO  -o out/conftest2.o conftest.c >&5
configure:12259: $? = 0
configure:12281: result: yes
configure:12289: checking if arm-none-eabi-gcc supports -c -o file.o
configure:12337: result: yes
configure:12370: checking whether the arm-none-eabi-gcc linker (/opt/arm-gnu-toolchain-13.2.Rel1-x86_64-arm-none-eabi/arm-none-eabi/bin/ld) supports shared libraries
configure:13640: result: yes
configure:13881: checking dynamic linker characteristics
configure:14714: result: no
configure:14836: checking how to hardcode library paths into programs
configure:14861: result: immediate
configure:15413: checking whether stripping libraries is possible
configure:15418: result: yes
configure:15453: checking if libtool supports shared libraries
configure:15455: result: no
configure:15458: checking whether to build shared libraries
configure:15483: result: no
configure:15486: checking whether to build static libraries
configure:15490: result: yes
configure:15513: checking how to run the C++ preprocessor
configure:15535: arm-none-eabi-g++ -std=gnu++11 -E  conftest.cpp
configure:15535: $? = 0
configure:15550: arm-none-eabi-g++ -std=gnu++11 -E  conftest.cpp
conftest.cpp:40:10: fatal error: ac_nonexistent.h: No such file or directory
   40 | #include <ac_nonexistent.h>
      |          ^~~~~~~~~~~~~~~~~~
compilation terminated.
configure:15550: $? = 1
configure: failed program was:
| /* confdefs.h */
| #define PACKAGE_NAME "Lely core libraries"
| #define PACKAGE_TARNAME "lely-core"
| #define PACKAGE_VERSION "3.5.0"
| #define PACKAGE_STRING "Lely core libraries 3.5.0"
| #define PACKAGE_BUGREPORT ""
| #define PACKAGE_URL ""
| #define PACKAGE "lely-core"
| #define VERSION "3.5.0"
| #define HAVE_STDIO_H 1
| #define HAVE_STDLIB_H 1
| #define HAVE_STRING_H 1
| #define HAVE_INTTYPES_H 1
| #define HAVE_STDINT_H 1
| #define HAVE_STRINGS_H 1
| #define HAVE_SYS_STAT_H 1
| #define HAVE_SYS_TYPES_H 1
| #define HAVE_UNISTD_H 1
| #define HAVE_WCHAR_H 1
| #define STDC_HEADERS 1
| #define _ALL_SOURCE 1
| #define _DARWIN_C_SOURCE 1
| #define _GNU_SOURCE 1
| #define _HPUX_ALT_XOPEN_SOCKET_API 1
| #define _NETBSD_SOURCE 1
| #define _OPENBSD_SOURCE 1
| #define _POSIX_PTHREAD_SEMANTICS 1
| #define __STDC_WANT_IEC_60559_ATTRIBS_EXT__ 1
| #define __STDC_WANT_IEC_60559_BFP_EXT__ 1
| #define __STDC_WANT_IEC_60559_DFP_EXT__ 1
| #define __STDC_WANT_IEC_60559_FUNCS_EXT__ 1
| #define __STDC_WANT_IEC_60559_TYPES_EXT__ 1
| #define __STDC_WANT_LIB_EXT2__ 1
| #define __STDC_WANT_MATH_SPEC_FUNCS__ 1
| #define _TANDEM_SOURCE 1
| #define __EXTENSIONS__ 1
| #define HAVE_CXX11 1
| #define LT_OBJDIR ".libs/"
| /* end confdefs.h.  */
| #include <ac_nonexistent.h>
configure:15577: result: arm-none-eabi-g++ -std=gnu++11 -E
configure:15591: arm-none-eabi-g++ -std=gnu++11 -E  conftest.cpp
configure:15591: $? = 0
configure:15606: arm-none-eabi-g++ -std=gnu++11 -E  conftest.cpp
conftest.cpp:40:10: fatal error: ac_nonexistent.h: No such file or directory
   40 | #include <ac_nonexistent.h>
      |          ^~~~~~~~~~~~~~~~~~
compilation terminated.
configure:15606: $? = 1
configure: failed program was:
| /* confdefs.h */
| #define PACKAGE_NAME "Lely core libraries"
| #define PACKAGE_TARNAME "lely-core"
| #define PACKAGE_VERSION "3.5.0"
| #define PACKAGE_STRING "Lely core libraries 3.5.0"
| #define PACKAGE_BUGREPORT ""
| #define PACKAGE_URL ""
| #define PACKAGE "lely-core"
| #define VERSION "3.5.0"
| #define HAVE_STDIO_H 1
| #define HAVE_STDLIB_H 1
| #define HAVE_STRING_H 1
| #define HAVE_INTTYPES_H 1
| #define HAVE_STDINT_H 1
| #define HAVE_STRINGS_H 1
| #define HAVE_SYS_STAT_H 1
| #define HAVE_SYS_TYPES_H 1
| #define HAVE_UNISTD_H 1
| #define HAVE_WCHAR_H 1
| #define STDC_HEADERS 1
| #define _ALL_SOURCE 1
| #define _DARWIN_C_SOURCE 1
| #define _GNU_SOURCE 1
| #define _HPUX_ALT_XOPEN_SOCKET_API 1
| #define _NETBSD_SOURCE 1
| #define _OPENBSD_SOURCE 1
| #define _POSIX_PTHREAD_SEMANTICS 1
| #define __STDC_WANT_IEC_60559_ATTRIBS_EXT__ 1
| #define __STDC_WANT_IEC_60559_BFP_EXT__ 1
| #define __STDC_WANT_IEC_60559_DFP_EXT__ 1
| #define __STDC_WANT_IEC_60559_FUNCS_EXT__ 1
| #define __STDC_WANT_IEC_60559_TYPES_EXT__ 1
| #define __STDC_WANT_LIB_EXT2__ 1
| #define __STDC_WANT_MATH_SPEC_FUNCS__ 1
| #define _TANDEM_SOURCE 1
| #define __EXTENSIONS__ 1
| #define HAVE_CXX11 1
| #define LT_OBJDIR ".libs/"
| /* end confdefs.h.  */
| #include <ac_nonexistent.h>
configure:15771: checking for ld used by arm-none-eabi-g++ -std=gnu++11
configure:15839: result: /opt/arm-gnu-toolchain-13.2.Rel1-x86_64-arm-none-eabi/arm-none-eabi/bin/ld
configure:15846: checking if the linker (/opt/arm-gnu-toolchain-13.2.Rel1-x86_64-arm-none-eabi/arm-none-eabi/bin/ld) is GNU ld
configure:15862: result: yes
configure:15917: checking whether the arm-none-eabi-g++ -std=gnu++11 linker (/opt/arm-gnu-toolchain-13.2.Rel1-x86_64-arm-none-eabi/arm-none-eabi/bin/ld) supports shared libraries
configure:16994: result: no
configure:17030: arm-none-eabi-g++ -std=gnu++11 -c -g -O2 -Wall -Wextra -pedantic -Werror  conftest.cpp >&5
configure:17033: $? = 0
configure:17514: checking for arm-none-eabi-g++ -std=gnu++11 option to produce PIC
configure:17522: result: -fPIC -DPIC
configure:17530: checking if arm-none-eabi-g++ -std=gnu++11 PIC flag -fPIC -DPIC works
configure:17549: arm-none-eabi-g++ -std=gnu++11 -c -g -O2 -Wall -Wextra -pedantic -Werror  -fPIC -DPIC -DPIC conftest.cpp >&5
configure:17553: $? = 0
configure:17566: result: yes
configure:17589: checking if arm-none-eabi-g++ -std=gnu++11 static flag -static works
/opt/arm-gnu-toolchain-13.2.Rel1-x86_64-arm-none-eabi/bin/../lib/gcc/arm-none-eabi/13.2.1/../../../../arm-none-eabi/bin/ld: /opt/arm-gnu-toolchain-13.2.Rel1-x86_64-arm-none-eabi/bin/../lib/gcc/arm-none-eabi/13.2.1/../../../../arm-none-eabi/lib/thumb/v7e-m+fp/hard/libg.a(libc_a-closer.o): in function `_close_r':
closer.c:(.text._close_r+0xc): warning: _close is not implemented and will always fail
/opt/arm-gnu-toolchain-13.2.Rel1-x86_64-arm-none-eabi/bin/../lib/gcc/arm-none-eabi/13.2.1/../../../../arm-none-eabi/bin/ld: /opt/arm-gnu-toolchain-13.2.Rel1-x86_64-arm-none-eabi/bin/../lib/gcc/arm-none-eabi/13.2.1/../../../../arm-none-eabi/lib/thumb/v7e-m+fp/hard/libg.a(libc_a-lseekr.o): in function `_lseek_r':
lseekr.c:(.text._lseek_r+0x14): warning: _lseek is not implemented and will always fail
/opt/arm-gnu-toolchain-13.2.Rel1-x86_64-arm-none-eabi/bin/../lib/gcc/arm-none-eabi/13.2.1/../../../../arm-none-eabi/bin/ld: /opt/arm-gnu-toolchain-13.2.Rel1-x86_64-arm-none-eabi/bin/../lib/gcc/arm-none-eabi/13.2.1/../../../../arm-none-eabi/lib/thumb/v7e-m+fp/hard/libg.a(libc_a-readr.o): in function `_read_r':
readr.c:(.text._read_r+0x14): warning: _read is not implemented and will always fail
/opt/arm-gnu-toolchain-13.2.Rel1-x86_64-arm-none-eabi/bin/../lib/gcc/arm-none-eabi/13.2.1/../../../../arm-none-eabi/bin/ld: /opt/arm-gnu-toolchain-13.2.Rel1-x86_64-arm-none-eabi/bin/../lib/gcc/arm-none-eabi/13.2.1/../../../../arm-none-eabi/lib/thumb/v7e-m+fp/hard/libg.a(libc_a-writer.o): in function `_write_r':
writer.c:(.text._write_r+0x14): warning: _write is not implemented and will always fail
configure:17618: result: yes
configure:17630: checking if arm-none-eabi-g++ -std=gnu++11 supports -c -o file.o
configure:17652: arm-none-eabi-g++ -std=gnu++11 -c -g -O2 -Wall -Wextra -pedantic -Werror  -o out/conftest2.o conftest.cpp >&5
configure:17656: $? = 0
configure:17678: result: yes
configure:17683: checking if arm-none-eabi-g++ -std=gnu++11 supports -c -o file.o
configure:17731: result: yes
configure:17761: checking whether the arm-none-eabi-g++ -std=gnu++11 linker (/opt/arm-gnu-toolchain-13.2.Rel1-x86_64-arm-none-eabi/arm-none-eabi/bin/ld) supports shared libraries
configure:17804: result: no
configure:17946: checking dynamic linker characteristics
configure:18706: result: no
configure:18771: checking how to hardcode library paths into programs
configure:18796: result: immediate
configure:18860: checking for arm-none-eabi-windres
configure:18895: result: no
configure:18905: checking for windres
configure:18940: result: no
configure:19196: checking for qemu-arm
configure:19231: result: no
configure:19196: checking for qemu-arm-static
configure:19217: found /usr/bin/qemu-arm-static
configure:19228: result: qemu-arm-static
configure:19464: checking how to run the C preprocessor
configure:19490: arm-none-eabi-gcc -E  conftest.c
configure:19490: $? = 0
configure:19505: arm-none-eabi-gcc -E  conftest.c
conftest.c:42:10: fatal error: ac_nonexistent.h: No such file or directory
   42 | #include <ac_nonexistent.h>
      |          ^~~~~~~~~~~~~~~~~~
compilation terminated.
configure:19505: $? = 1
configure: failed program was:
| /* confdefs.h */
| #define PACKAGE_NAME "Lely core libraries"
| #define PACKAGE_TARNAME "lely-core"
| #define PACKAGE_VERSION "3.5.0"
| #define PACKAGE_STRING "Lely core libraries 3.5.0"
| #define PACKAGE_BUGREPORT ""
| #define PACKAGE_URL ""
| #define PACKAGE "lely-core"
| #define VERSION "3.5.0"
| #define HAVE_STDIO_H 1
| #define HAVE_STDLIB_H 1
| #define HAVE_STRING_H 1
| #define HAVE_INTTYPES_H 1
| #define HAVE_STDINT_H 1
| #define HAVE_STRINGS_H 1
| #define HAVE_SYS_STAT_H 1
| #define HAVE_SYS_TYPES_H 1
| #define HAVE_UNISTD_H 1
| #define HAVE_WCHAR_H 1
| #define STDC_HEADERS 1
| #define _ALL_SOURCE 1
| #define _DARWIN_C_SOURCE 1
| #define _GNU_SOURCE 1
| #define _HPUX_ALT_XOPEN_SOCKET_API 1
| #define _NETBSD_SOURCE 1
| #define _OPENBSD_SOURCE 1
| #define _POSIX_PTHREAD_SEMANTICS 1
| #define __STDC_WANT_IEC_60559_ATTRIBS_EXT__ 1
| #define __STDC_WANT_IEC_60559_BFP_EXT__ 1
| #define __STDC_WANT_IEC_60559_DFP_EXT__ 1
| #define __STDC_WANT_IEC_60559_FUNCS_EXT__ 1
| #define __STDC_WANT_IEC_60559_TYPES_EXT__ 1
| #define __STDC_WANT_LIB_EXT2__ 1
| #define __STDC_WANT_MATH_SPEC_FUNCS__ 1
| #define _TANDEM_SOURCE 1
| #define __EXTENSIONS__ 1
| #define HAVE_CXX11 1
| #define LT_OBJDIR ".libs/"
| #define LELY_NO_HOSTED 1
| #define LELY_NO_RT 1
| /* end confdefs.h.  */
| #include <ac_nonexistent.h>
configure:19532: result: arm-none-eabi-gcc -E
configure:19546: arm-none-eabi-gcc -E  conftest.c
configure:19546: $? = 0
configure:19561: arm-none-eabi-gcc -E  conftest.c
conftest.c:42:10: fatal error: ac_nonexistent.h: No such file or directory
   42 | #include <ac_nonexistent.h>
      |          ^~~~~~~~~~~~~~~~~~
compilation terminated.
configure:19561: $? = 1
configure: failed program was:
| /* confdefs.h */
| #define PACKAGE_NAME "Lely core libraries"
| #define PACKAGE_TARNAME "lely-core"
| #define PACKAGE_VERSION "3.5.0"
| #define PACKAGE_STRING "Lely core libraries 3.5.0"
| #define PACKAGE_BUGREPORT ""
| #define PACKAGE_URL ""
| #define PACKAGE "lely-core"
| #define VERSION "3.5.0"
| #define HAVE_STDIO_H 1
| #define HAVE_STDLIB_H 1
| #define HAVE_STRING_H 1
| #define HAVE_INTTYPES_H 1
| #define HAVE_STDINT_H 1
| #define HAVE_STRINGS_H 1
| #define HAVE_SYS_STAT_H 1
| #define HAVE_SYS_TYPES_H 1
| #define HAVE_UNISTD_H 1
| #define HAVE_WCHAR_H 1
| #define STDC_HEADERS 1
| #define _ALL_SOURCE 1
| #define _DARWIN_C_SOURCE 1
| #define _GNU_SOURCE 1
| #define _HPUX_ALT_XOPEN_SOCKET_API 1
| #define _NETBSD_SOURCE 1
| #define _OPENBSD_SOURCE 1
| #define _POSIX_PTHREAD_SEMANTICS 1
| #define __STDC_WANT_IEC_60559_ATTRIBS_EXT__ 1
| #define __STDC_WANT_IEC_60559_BFP_EXT__ 1
| #define __STDC_WANT_IEC_60559_DFP_EXT__ 1
| #define __STDC_WANT_IEC_60559_FUNCS_EXT__ 1
| #define __STDC_WANT_IEC_60559_TYPES_EXT__ 1
| #define __STDC_WANT_LIB_EXT2__ 1
| #define __STDC_WANT_MATH_SPEC_FUNCS__ 1
| #define _TANDEM_SOURCE 1
| #define __EXTENSIONS__ 1
| #define HAVE_CXX11 1
| #define LT_OBJDIR ".libs/"
| #define LELY_NO_HOSTED 1
| #define LELY_NO_RT 1
| /* end confdefs.h.  */
| #include <ac_nonexistent.h>
configure:21553: checking for arm-none-eabi-pkg-config
configure:21591: result: no
configure:21601: checking for pkg-config
configure:21624: found /usr/bin/pkg-config
configure:21636: result: /usr/bin/pkg-config
configure:21661: checking pkg-config is at least version 0.9.0
configure:21664: result: yes
configure:21674: checking for cpputest >= 4
configure:21681: $PKG_CONFIG --exists --print-errors "cpputest >= 4"
Package cpputest was not found in the pkg-config search path.
Perhaps you should add the directory containing `cpputest.pc'
to the PKG_CONFIG_PATH environment variable
No package 'cpputest' found
configure:21684: $? = 1
configure:21698: $PKG_CONFIG --exists --print-errors "cpputest >= 4"
Package cpputest was not found in the pkg-config search path.
Perhaps you should add the directory containing `cpputest.pc'
to the PKG_CONFIG_PATH environment variable
No package 'cpputest' found
configure:21701: $? = 1
configure:21715: result: no
No package 'cpputest' found
configure:21779: checking for valgrind/valgrind.h
configure:21779: arm-none-eabi-gcc -c -O2 -ggdb3 -mcpu=cortex-m4 -mthumb -ffunction-sections -fdata-sections -mfloat-abi=hard -mfpu=fpv4-sp-d16   -DLELY_HAVE_ITIMERSPEC=1   -DLELY_NO_MALLOC   -DLELY_NO_CO_OBJ_NAME   -DLELY_NO_CO_OBJ_LIMITS   -DLELY_NO_CO_OBJ_DEFAULT   -DLELY_NO_CO_OBJ_UPLOAD   -DLELY_NO_THREADS   -DLELY_NO_STDIO -Wall -Wextra -pedantic -Werror  conftest.c >&5
conftest.c:92:10: fatal error: valgrind/valgrind.h: No such file or directory
   92 | #include <valgrind/valgrind.h>
      |          ^~~~~~~~~~~~~~~~~~~~~
compilation terminated.
configure:21779: $? = 1
configure: failed program was:
| /* confdefs.h */
| #define PACKAGE_NAME "Lely core libraries"
| #define PACKAGE_TARNAME "lely-core"
| #define PACKAGE_VERSION "3.5.0"
| #define PACKAGE_STRING "Lely core libraries 3.5.0"
| #define PACKAGE_BUGREPORT ""
| #define PACKAGE_URL ""
| #define PACKAGE "lely-core"
| #define VERSION "3.5.0"
| #define HAVE_STDIO_H 1
| #define HAVE_STDLIB_H 1
| #define HAVE_STRING_H 1
| #define HAVE_INTTYPES_H 1
| #define HAVE_STDINT_H 1
| #define HAVE_STRINGS_H 1
| #define HAVE_SYS_STAT_H 1
| #define HAVE_SYS_TYPES_H 1
| #define HAVE_UNISTD_H 1
| #define HAVE_WCHAR_H 1
| #define STDC_HEADERS 1
| #define _ALL_SOURCE 1
| #define _DARWIN_C_SOURCE 1
| #define _GNU_SOURCE 1
| #define _HPUX_ALT_XOPEN_SOCKET_API 1
| #define _NETBSD_SOURCE 1
| #define _OPENBSD_SOURCE 1
| #define _POSIX_PTHREAD_SEMANTICS 1
| #define __STDC_WANT_IEC_60559_ATTRIBS_EXT__ 1
| #define __STDC_WANT_IEC_60559_BFP_EXT__ 1
| #define __STDC_WANT_IEC_60559_DFP_EXT__ 1
| #define __STDC_WANT_IEC_60559_FUNCS_EXT__ 1
| #define __STDC_WANT_IEC_60559_TYPES_EXT__ 1
| #define __STDC_WANT_LIB_EXT2__ 1
| #define __STDC_WANT_MATH_SPEC_FUNCS__ 1
| #define _TANDEM_SOURCE 1
| #define __EXTENSIONS__ 1
| #define HAVE_CXX11 1
| #define LT_OBJDIR ".libs/"
| #define LELY_NO_HOSTED 1
| #define LELY_NO_RT 1
| #define LELY_NO_THREADS 1
| #define LELY_NO_ERRNO 1
| #define LELY_NO_MALLOC 1
| #define LELY_NO_STDIO 1
| #define LELY_NO_CXX 1
| #define LELY_NO_DAEMON 1
| #define LELY_NO_DIAG 1
| #define LELY_NO_CANFD 1
| #define LELY_NO_CO_DCF 1
| #define LELY_NO_CO_OBJ_FILE 1
| #define LELY_NO_CO_OBJ_NAME 1
| #define LELY_NO_CO_SDEV 1
| #define LELY_NO_CO_TIME 1
| #define LELY_NO_CO_LSS 1
| #define LELY_NO_CO_WTM 1
| #define LELY_NO_CO_NG 1
| #define LELY_NO_CO_NMT_BOOT 1
| #define LELY_NO_CO_NMT_CFG 1
| #define LELY_NO_CO_GW 1
| #define LELY_NO_CO_GW_TXT 1
| #define LELY_NO_COAPP_MASTER 1
| #define LELY_NO_COAPP_SLAVE 1
| /* end confdefs.h.  */
| #include <stddef.h>
| #ifdef HAVE_STDIO_H
| # include <stdio.h>
| #endif
| #ifdef HAVE_STDLIB_H
| # include <stdlib.h>
| #endif
| #ifdef HAVE_STRING_H
| # include <string.h>
| #endif
| #ifdef HAVE_INTTYPES_H
| # include <inttypes.h>
| #endif
| #ifdef HAVE_STDINT_H
| # include <stdint.h>
| #endif
| #ifdef HAVE_STRINGS_H
| # include <strings.h>
| #endif
| #ifdef HAVE_SYS_TYPES_H
| # include <sys/types.h>
| #endif
| #ifdef HAVE_SYS_STAT_H
| # include <sys/stat.h>
| #endif
| #ifdef HAVE_UNISTD_H
| # include <unistd.h>
| #endif
| #include <valgrind/valgrind.h>
configure:21779: result: no
configure:22516: checking for doxygen
configure:22537: found /usr/bin/doxygen
configure:22548: result: doxygen
configure:22571: checking for gawk
configure:22603: result: mawk
configure:22722: checking that generated files are newer than configure
configure:22728: result: done
configure:23151: creating ./config.status

## ---------------------- ##
## Running config.status. ##
## ---------------------- ##

This file was extended by Lely core libraries config.status 3.5.0, which was
generated by GNU Autoconf 2.71.  Invocation command line was

  CONFIG_FILES    = 
  CONFIG_HEADERS  = 
  CONFIG_LINKS    = 
  CONFIG_COMMANDS = 
  $ ./config.status 

on dawid-Aspire-A5SP14-51MTN

config.status:1621: creating doc/Doxyfile
config.status:1621: creating doc/Doxyfile.ecss
config.status:1621: creating doc/Makefile
config.status:1621: creating include/Makefile
config.status:1621: creating lib/can/Makefile
config.status:1621: creating lib/co/Makefile
config.status:1621: creating lib/co/version.rc
config.status:1621: creating lib/coapp/Makefile
config.status:1621: creating lib/coapp/version.rc
config.status:1621: creating lib/ev/Makefile
config.status:1621: creating lib/ev/version.rc
config.status:1621: creating lib/io/Makefile
config.status:1621: creating lib/io2/Makefile
config.status:1621: creating lib/io2/version.rc
config.status:1621: creating lib/compat/Makefile
config.status:1621: creating lib/compat/version.rc
config.status:1621: creating lib/tap/Makefile
config.status:1621: creating lib/tap/version.rc
config.status:1621: creating lib/util/Makefile
config.status:1621: creating lib/util/version.rc
config.status:1621: creating lib/Makefile
config.status:1621: creating pkgconfig/liblely-can.pc
config.status:1621: creating pkgconfig/liblely-co.pc
config.status:1621: creating pkgconfig/liblely-coapp.pc
config.status:1621: creating pkgconfig/liblely-ev.pc
config.status:1621: creating pkgconfig/liblely-io.pc
config.status:1621: creating pkgconfig/liblely-io2.pc
config.status:1621: creating pkgconfig/liblely-compat.pc
config.status:1621: creating pkgconfig/liblely-tap.pc
config.status:1621: creating pkgconfig/liblely-util.pc
config.status:1621: creating pkgconfig/Makefile
config.status:1621: creating python/can/Makefile
config.status:1621: creating python/dcf-tools/Makefile
config.status:1621: creating python/io/Makefile
config.status:1621: creating python/Makefile
config.status:1621: creating tools/Makefile
config.status:1621: creating tools/version.dcf2c.rc
config.status:1621: creating test/co-nmt-master.dcf
config.status:1621: creating test/Makefile
config.status:1621: creating unit-tests/Makefile
config.status:1621: creating unit-tests/libtest/Makefile
config.status:1621: creating unit-tests/libtest/override/Makefile
config.status:1621: creating unit-tests/libtest/tools/Makefile
config.status:1621: creating unit-tests/cpputest/Makefile
config.status:1621: creating unit-tests/can/Makefile
config.status:1621: creating unit-tests/co/Makefile
config.status:1621: creating unit-tests/compat/Makefile
config.status:1621: creating unit-tests/util/Makefile
config.status:1621: creating exec-wrapper.sh
config.status:1621: creating lcov-wrapper.sh
config.status:1621: creating Makefile
config.status:1621: creating config.h
config.status:1787: config.h is unchanged
config.status:1835: executing depfiles commands
config.status:1912: cd lib/can       && sed -e '/# am--include-marker/d' Makefile         | make -f - am--depfiles
config.status:1917: $? = 0
config.status:1912: cd lib/co       && sed -e '/# am--include-marker/d' Makefile         | make -f - am--depfiles
config.status:1917: $? = 0
config.status:1912: cd lib/coapp       && sed -e '/# am--include-marker/d' Makefile         | make -f - am--depfiles
config.status:1917: $? = 0
config.status:1912: cd lib/ev       && sed -e '/# am--include-marker/d' Makefile         | make -f - am--depfiles
config.status:1917: $? = 0
config.status:1912: cd lib/io       && sed -e '/# am--include-marker/d' Makefile         | make -f - am--depfiles
config.status:1917: $? = 0
config.status:1912: cd lib/io2       && sed -e '/# am--include-marker/d' Makefile         | make -f - am--depfiles
config.status:1917: $? = 0
config.status:1912: cd lib/compat       && sed -e '/# am--include-marker/d' Makefile         | make -f - am--depfiles
config.status:1917: $? = 0
config.status:1912: cd lib/tap       && sed -e '/# am--include-marker/d' Makefile         | make -f - am--depfiles
config.status:1917: $? = 0
config.status:1912: cd lib/util       && sed -e '/# am--include-marker/d' Makefile         | make -f - am--depfiles
config.status:1917: $? = 0
config.status:1912: cd tools       && sed -e '/# am--include-marker/d' Makefile         | make -f - am--depfiles
config.status:1917: $? = 0
config.status:1912: cd test       && sed -e '/# am--include-marker/d' Makefile         | make -f - am--depfiles
config.status:1917: $? = 0
config.status:1912: cd unit-tests/libtest/override       && sed -e '/# am--include-marker/d' Makefile         | make -f - am--depfiles
config.status:1917: $? = 0
config.status:1912: cd unit-tests/libtest/tools       && sed -e '/# am--include-marker/d' Makefile         | make -f - am--depfiles
config.status:1917: $? = 0
config.status:1912: cd unit-tests/cpputest       && sed -e '/# am--include-marker/d' Makefile         | make -f - am--depfiles
config.status:1917: $? = 0
config.status:1912: cd unit-tests/can       && sed -e '/# am--include-marker/d' Makefile         | make -f - am--depfiles
config.status:1917: $? = 0
config.status:1912: cd unit-tests/co       && sed -e '/# am--include-marker/d' Makefile         | make -f - am--depfiles
config.status:1917: $? = 0
config.status:1912: cd unit-tests/compat       && sed -e '/# am--include-marker/d' Makefile         | make -f - am--depfiles
config.status:1917: $? = 0
config.status:1912: cd unit-tests/util       && sed -e '/# am--include-marker/d' Makefile         | make -f - am--depfiles
config.status:1917: $? = 0
config.status:1835: executing libtool commands

## ---------------- ##
## Cache variables. ##
## ---------------- ##

ac_cv_build=x86_64-pc-linux-gnu
ac_cv_c_compiler_gnu=yes
ac_cv_cxx_compiler_gnu=yes
ac_cv_env_CCC_set=
ac_cv_env_CCC_value=
ac_cv_env_CC_set=set
ac_cv_env_CC_value=arm-none-eabi-gcc
ac_cv_env_CFLAGS_set=set
ac_cv_env_CFLAGS_value='-O2 -ggdb3 -mcpu=cortex-m4 -mthumb -ffunction-sections -fdata-sections -mfloat-abi=hard -mfpu=fpv4-sp-d16   -DLELY_HAVE_ITIMERSPEC=1   -DLELY_NO_MALLOC   -DLELY_NO_CO_OBJ_NAME   -DLELY_NO_CO_OBJ_LIMITS   -DLELY_NO_CO_OBJ_DEFAULT   -DLELY_NO_CO_OBJ_UPLOAD   -DLELY_NO_THREADS   -DLELY_NO_STDIO'
ac_cv_env_CPPFLAGS_set=
ac_cv_env_CPPFLAGS_value=
ac_cv_env_CPPUTEST_CFLAGS_set=
ac_cv_env_CPPUTEST_CFLAGS_value=
ac_cv_env_CPPUTEST_LIBS_set=
ac_cv_env_CPPUTEST_LIBS_value=
ac_cv_env_CPP_set=
ac_cv_env_CPP_value=
ac_cv_env_CXXCPP_set=
ac_cv_env_CXXCPP_value=
ac_cv_env_CXXFLAGS_set=
ac_cv_env_CXXFLAGS_value=
ac_cv_env_CXX_set=set
ac_cv_env_CXX_value=arm-none-eabi-g++
ac_cv_env_LDFLAGS_set=set
ac_cv_env_LDFLAGS_value='-mcpu=cortex-m4 -mthumb -mfloat-abi=hard -mfpu=fpv4-sp-d16 -ffunction-sections -fdata-sections -Wl,--gc-sections --specs=nosys.specs'
ac_cv_env_LIBS_set=
ac_cv_env_LIBS_value=
ac_cv_env_LT_SYS_LIBRARY_PATH_set=
ac_cv_env_LT_SYS_LIBRARY_PATH_value=
ac_cv_env_PKG_CONFIG_LIBDIR_set=
ac_cv_env_PKG_CONFIG_LIBDIR_value=
ac_cv_env_PKG_CONFIG_PATH_set=
ac_cv_env_PKG_CONFIG_PATH_value=
ac_cv_env_PKG_CONFIG_set=
ac_cv_env_PKG_CONFIG_value=
ac_cv_env_build_alias_set=
ac_cv_env_build_alias_value=
ac_cv_env_host_alias_set=set
ac_cv_env_host_alias_value=arm-none-eabi
ac_cv_env_target_alias_set=
ac_cv_env_target_alias_value=
ac_cv_header_dlfcn_h=no
ac_cv_header_inttypes_h=yes
ac_cv_header_minix_config_h=no
ac_cv_header_stdint_h=yes
ac_cv_header_stdio_h=yes
ac_cv_header_stdlib_h=yes
ac_cv_header_string_h=yes
ac_cv_header_strings_h=yes
ac_cv_header_sys_stat_h=yes
ac_cv_header_sys_types_h=yes
ac_cv_header_unistd_h=yes
ac_cv_header_valgrind_valgrind_h=no
ac_cv_header_wchar_h=yes
ac_cv_host=arm-none-eabi
ac_cv_objext=o
ac_cv_path_EGREP='/usr/bin/grep -E'
ac_cv_path_FGREP='/usr/bin/grep -F'
ac_cv_path_GREP=/usr/bin/grep
ac_cv_path_SED=/usr/bin/sed
ac_cv_path_ac_pt_PKG_CONFIG=/usr/bin/pkg-config
ac_cv_path_install='/usr/bin/install -c'
ac_cv_path_lt_DD=/usr/bin/dd
ac_cv_path_mkdir=/usr/bin/mkdir
ac_cv_prog_AR=arm-none-eabi-ar
ac_cv_prog_AWK=mawk
ac_cv_prog_BINFMT_EXEC=qemu-arm-static
ac_cv_prog_CC=arm-none-eabi-gcc
ac_cv_prog_CPP='arm-none-eabi-gcc -E'
ac_cv_prog_CXXCPP='arm-none-eabi-g++ -std=gnu++11 -E'
ac_cv_prog_DOXYGEN=doxygen
ac_cv_prog_OBJDUMP=arm-none-eabi-objdump
ac_cv_prog_RANLIB=arm-none-eabi-ranlib
ac_cv_prog_STRIP=arm-none-eabi-strip
ac_cv_prog_ac_ct_MANIFEST_TOOL=mt
ac_cv_prog_cc_c11=
ac_cv_prog_cc_g=yes
ac_cv_prog_cc_stdc=
ac_cv_prog_cxx_11=no
ac_cv_prog_cxx_cxx11=
ac_cv_prog_cxx_g=yes
ac_cv_prog_cxx_stdcxx=
ac_cv_prog_make_make_set=yes
ac_cv_safe_to_define___extensions__=yes
ac_cv_should_define__xopen_source=no
ac_cv_target=arm-none-eabi
am_cv_CC_dependencies_compiler_type=gcc3
am_cv_CXX_dependencies_compiler_type=gcc3
am_cv_make_support_nested_variables=yes
am_cv_prog_cc_c_o=yes
ax_cv_cxx_compile_cxx11__std_gnupp11=yes
lt_cv_ar_at_file=@
lt_cv_deplibs_check_method=unknown
lt_cv_file_magic_cmd='$MAGIC_CMD'
lt_cv_file_magic_test_file=
lt_cv_ld_reload_flag=-r
lt_cv_nm_interface='BSD nm'
lt_cv_objdir=.libs
lt_cv_path_LD=/opt/arm-gnu-toolchain-13.2.Rel1-x86_64-arm-none-eabi/arm-none-eabi/bin/ld
lt_cv_path_LDCXX=/opt/arm-gnu-toolchain-13.2.Rel1-x86_64-arm-none-eabi/arm-none-eabi/bin/ld
lt_cv_path_NM='/opt/arm-gnu-toolchain-13.2.Rel1-x86_64-arm-none-eabi/bin/arm-none-eabi-nm -B'
lt_cv_path_mainfest_tool=no
lt_cv_prog_compiler_c_o=yes
lt_cv_prog_compiler_c_o_CXX=yes
lt_cv_prog_compiler_c_o_RC=yes
lt_cv_prog_compiler_pic='-fPIC -DPIC'
lt_cv_prog_compiler_pic_CXX='-fPIC -DPIC'
lt_cv_prog_compiler_pic_works=yes
lt_cv_prog_compiler_pic_works_CXX=yes
lt_cv_prog_compiler_rtti_exceptions=no
lt_cv_prog_compiler_static_works=yes
lt_cv_prog_compiler_static_works_CXX=yes
lt_cv_prog_gnu_ld=yes
lt_cv_prog_gnu_ldcxx=yes
lt_cv_sharedlib_from_linklib_cmd='printf %s\n'
lt_cv_sys_global_symbol_pipe=
lt_cv_sys_global_symbol_to_c_name_address='sed -n -e '\''s/^: \(.*\) .*$/  {"\1", (void *) 0},/p'\'' -e '\''s/^[ABCDGIRSTW][ABCDGIRSTW]* .* \(.*\)$/  {"\1", (void *) \&\1},/p'\'''
lt_cv_sys_global_symbol_to_c_name_address_lib_prefix='sed -n -e '\''s/^: \(.*\) .*$/  {"\1", (void *) 0},/p'\'' -e '\''s/^[ABCDGIRSTW][ABCDGIRSTW]* .* \(lib.*\)$/  {"\1", (void *) \&\1},/p'\'' -e '\''s/^[ABCDGIRSTW][ABCDGIRSTW]* .* \(.*\)$/  {"lib\1", (void *) \&\1},/p'\'''
lt_cv_sys_global_symbol_to_cdecl=
lt_cv_sys_global_symbol_to_import=
lt_cv_sys_max_cmd_len=1572864
lt_cv_to_host_file_cmd=func_convert_file_noop
lt_cv_to_tool_file_cmd=func_convert_file_noop
lt_cv_truncate_bin='/usr/bin/dd bs=4096 count=1'

## ----------------- ##
## Output variables. ##
## ----------------- ##



























		$(foreach tool, $(valgrind_enabled_tools), check-valgrind-$(tool))
		LOG_COMPILER="$$(VALGRIND_LOG_COMPILER)" \
		LOG_FLAGS="$$(valgrind_$(1)_flags)" \
		TESTS_ENVIRONMENT="$$(VALGRIND_TESTS_ENVIRONMENT)" \
		TEST_SUITE_LOG=test-suite-$(1).log
	$$(valgrind_v_use)$$(MAKE) check-TESTS \
	$(AM_V_at)$(MAKE) $(AM_MAKEFLAGS) -k \
	$(TESTS_ENVIRONMENT) \
	$(VALGRIND) $(VALGRIND_SUPPRESSIONS) --error-exitcode=1 $(VALGRIND_FLAGS)
	$(valgrind_lt) \
	@echo "Need to reconfigure with --enable-code-coverage"
	@echo "Need to reconfigure with --enable-code-coverage"
	@echo "Need to reconfigure with --enable-valgrind"
	@echo "Need to reconfigure with --enable-valgrind"
	@echo "Need to reconfigure with --enable-valgrind-$(1)"
	G_DEBUG=fatal-warnings,fatal-criticals,gc-friendly
	G_SLICE=always-malloc,debug-blocks \
	env VALGRIND=$(VALGRIND) \
 $(CODE_COVERAGE_IGNORE_PATTERN);
 $(CODE_COVERAGE_OUTPUT_FILE);
#
#
#
#    $(PACKAGE_NAME)-$(PACKAGE_VERSION)-coverage)
#    $(PACKAGE_NAME)-$(PACKAGE_VERSION)-coverage.info)
#    (Default: $(top_builddir))
#    (Default: --num-callers=30)
#    (Default: empty)
#    Multiple directories may be specified, separated by whitespace.
#    by lcov for code coverage. (Default:
#    collecting lcov instance. (Default: $CODE_COVERAGE_LCOV_OPTIONS_GCOVPATH)
#    files to load. (Default: empty)
#    genhtml instance. (Default: based on $CODE_COVERAGE_BRANCH_COVERAGE)
#    instance. (Default: $CODE_COVERAGE_GENHTML_OPTIONS_DEFAULT)
#    instance. (Default: $CODE_COVERAGE_LCOV_OPTIONS_DEFAULT)
#    instance. (Default: $CODE_COVERAGE_LCOV_RMOPTS_DEFAULT)
#    instances. (Default: $CODE_COVERAGE_LCOV_SHOPTS_DEFAULT)
#    instances. (Default: based on $CODE_COVERAGE_BRANCH_COVERAGE)
#    lcov instance. (Default: empty)
#    memcheck, helgrind, drd, sgcheck). (Default: various)
#    reports to be created. (Default:
#    set to 0 to disable it and leave empty to stay with the default.
#  - CODE_COVERAGE_BRANCH_COVERAGE: Set to 1 to enforce branch coverage,
#  - CODE_COVERAGE_DIRECTORY: Top-level directory for code coverage reporting.
#  - CODE_COVERAGE_GENHTML_OPTIONS: Extra options to pass to the genhtml
#  - CODE_COVERAGE_GENHTML_OPTIONS_DEFAULT: Extra options to pass to the
#  - CODE_COVERAGE_IGNORE_PATTERN: Extra glob pattern of files to ignore
#  - CODE_COVERAGE_LCOV_OPTIONS: Extra options to pass to the collecting lcov
#  - CODE_COVERAGE_LCOV_OPTIONS_DEFAULT: Extra options to pass to the
#  - CODE_COVERAGE_LCOV_OPTIONS_GCOVPATH: --gcov-tool pathtogcov
#  - CODE_COVERAGE_LCOV_RMOPTS: Extra options to pass to the filtering lcov
#  - CODE_COVERAGE_LCOV_RMOPTS_DEFAULT: Extra options to pass to the filtering
#  - CODE_COVERAGE_LCOV_SHOPTS: Extra options to shared between both lcov
#  - CODE_COVERAGE_LCOV_SHOPTS_DEFAULT: Extra options shared between both lcov
#  - CODE_COVERAGE_OUTPUT_DIRECTORY: Directory for generated code coverage
#  - CODE_COVERAGE_OUTPUT_FILE: Filename and path for the .info file generated
#  - VALGRIND_$toolname_FLAGS: Flags to pass to Valgrind $toolname (one of:
#  - VALGRIND_FLAGS: General flags to pass to all Valgrind tools.
#  - VALGRIND_SUPPRESSIONS_FILES: Space-separated list of Valgrind suppressions
# $(PACKAGE_VERSION). In order to add the current git hash to the title,
# Capture code coverage data
# Code coverage
# Hook rule executed before code-coverage-capture, overridable by the user
# Internal use
# Optional variables
# Optional variables
# Optional:
# Optional:
# Support running with and without libtool.
# The generated report will be titled using the $(PACKAGE_NAME) and
# Use recursive makes in order to ignore errors during check
# Use recursive makes in order to ignore errors during check
# Valgrind check
# Valgrind running
# sanitizes the test-name: replaces with underscores: dashes and dots
# use the git-version-gen script, available online.
$(foreach tool,$(valgrind_tools),$(eval $(call valgrind_tool_rule,$(tool))))
$(if $(CODE_COVERAGE_BRANCH_COVERAGE),\
'
'
--rc genhtml_branch_coverage=$(CODE_COVERAGE_BRANCH_COVERAGE))
--rc lcov_branch_coverage=$(CODE_COVERAGE_BRANCH_COVERAGE))
.PHONY: check-code-coverage code-coverage-capture code-coverage-capture-hook code-coverage-clean
.PHONY: check-valgrind $(addprefix check-valgrind-,$(valgrind_tools))
ACLOCAL='${SHELL} '\''/home/dawid/Desktop/SIROBOTICS/GIT/CanOpen-ECSS-Si-Robotics/lely-core/missing'\'' aclocal-1.16'
AMDEPBACKSLASH='\'
AMDEP_FALSE='#'
AMDEP_TRUE=''
AMTAR='$${TAR-tar}'
AM_BACKSLASH='\'
AM_DEFAULT_V='$(AM_DEFAULT_VERBOSITY)'
AM_DEFAULT_VERBOSITY='0'
AM_DISTCHECK_CONFIGURE_FLAGS += --disable-code-coverage
AM_DISTCHECK_CONFIGURE_FLAGS += --disable-valgrind
AM_DISTCHECK_CONFIGURE_FLAGS ?=
AM_DISTCHECK_CONFIGURE_FLAGS ?=
AM_V='$(V)'
AR='arm-none-eabi-ar'
AS='as'
AUTOCONF='${SHELL} '\''/home/dawid/Desktop/SIROBOTICS/GIT/CanOpen-ECSS-Si-Robotics/lely-core/missing'\'' autoconf'
AUTOHEADER='${SHELL} '\''/home/dawid/Desktop/SIROBOTICS/GIT/CanOpen-ECSS-Si-Robotics/lely-core/missing'\'' autoheader'
AUTOMAKE='${SHELL} '\''/home/dawid/Desktop/SIROBOTICS/GIT/CanOpen-ECSS-Si-Robotics/lely-core/missing'\'' automake-1.16'
AWK='mawk'
BINFMT_EXEC='qemu-arm-static'
CC='arm-none-eabi-gcc'
CCDEPMODE='depmode=gcc3'
CFLAGS='-O2 -ggdb3 -mcpu=cortex-m4 -mthumb -ffunction-sections -fdata-sections -mfloat-abi=hard -mfpu=fpv4-sp-d16   -DLELY_HAVE_ITIMERSPEC=1   -DLELY_NO_MALLOC   -DLELY_NO_CO_OBJ_NAME   -DLELY_NO_CO_OBJ_LIMITS   -DLELY_NO_CO_OBJ_DEFAULT   -DLELY_NO_CO_OBJ_UPLOAD   -DLELY_NO_THREADS   -DLELY_NO_STDIO -Wall -Wextra -pedantic -Werror'
CODE_COVERAGE_BRANCH_COVERAGE ?=
CODE_COVERAGE_CFLAGS=''
CODE_COVERAGE_CPPFLAGS=''
CODE_COVERAGE_CXXFLAGS=''
CODE_COVERAGE_DIRECTORY ?= $(top_builddir)
CODE_COVERAGE_ENABLED='no'
CODE_COVERAGE_ENABLED_FALSE=''
CODE_COVERAGE_ENABLED_TRUE='#'
CODE_COVERAGE_GENHTML_OPTIONS ?= $(CODE_COVERAGE_GENHTML_OPTIONS_DEFAULT)
CODE_COVERAGE_GENHTML_OPTIONS_DEFAULT ?=\
CODE_COVERAGE_IGNORE_PATTERN ?=
CODE_COVERAGE_LCOV_OPTIONS ?= $(CODE_COVERAGE_LCOV_OPTIONS_DEFAULT)
CODE_COVERAGE_LCOV_OPTIONS_DEFAULT ?= $(CODE_COVERAGE_LCOV_OPTIONS_GCOVPATH)
CODE_COVERAGE_LCOV_OPTIONS_GCOVPATH ?= --gcov-tool "$(GCOV)"
CODE_COVERAGE_LCOV_RMOPTS ?= $(CODE_COVERAGE_LCOV_RMOPTS_DEFAULT)
CODE_COVERAGE_LCOV_RMOPTS_DEFAULT ?=
CODE_COVERAGE_LCOV_SHOPTS ?= $(CODE_COVERAGE_LCOV_SHOPTS_DEFAULT)
CODE_COVERAGE_LCOV_SHOPTS_DEFAULT ?= $(if $(CODE_COVERAGE_BRANCH_COVERAGE),\
CODE_COVERAGE_LDFLAGS=''
CODE_COVERAGE_LIBS=''
CODE_COVERAGE_OUTPUT_DIRECTORY ?= $(PACKAGE_NAME)-$(PACKAGE_VERSION)-coverage
CODE_COVERAGE_OUTPUT_FILE ?= $(PACKAGE_NAME)-$(PACKAGE_VERSION)-coverage.info
CODE_COVERAGE_RULES='
CPP='arm-none-eabi-gcc -E'
CPPFLAGS=''
CPPUTEST_CFLAGS=''
CPPUTEST_LIBS=''
CSCOPE='cscope'
CTAGS='ctags'
CXX='arm-none-eabi-g++ -std=gnu++11'
CXXCPP='arm-none-eabi-g++ -std=gnu++11 -E'
CXXDEPMODE='depmode=gcc3'
CXXFLAGS='-g -O2 -Wall -Wextra -pedantic -Werror'
CYGPATH_W='echo'
DEFS='-DHAVE_CONFIG_H'
DEPDIR='.deps'
DLLTOOL='false'
DOXYGEN='doxygen'
DSYMUTIL=''
DUMPBIN=''
ECHO_C=''
ECHO_N='-n'
ECHO_T=''
ECSS_COMPLIANCE_FALSE='#'
ECSS_COMPLIANCE_TRUE=''
EGREP='/usr/bin/grep -E'
ENABLE_SHARED_FALSE=''
ENABLE_SHARED_TRUE='#'
ENABLE_VALGRIND_drd='no'
ENABLE_VALGRIND_helgrind='no'
ENABLE_VALGRIND_memcheck='no'
ENABLE_VALGRIND_sgcheck='no'
ETAGS='etags'
EXEEXT=''
FGREP='/usr/bin/grep -F'
GCOV=''
GENHTML=''
GITIGNOREFILES += $(CODE_COVERAGE_OUTPUT_FILE) $(CODE_COVERAGE_OUTPUT_DIRECTORY)
GITIGNOREFILES ?=
GREP='/usr/bin/grep'
HAVE_CXX11='1'
HAVE_DOXYGEN_FALSE='#'
HAVE_DOXYGEN_TRUE=''
HAVE_IXXAT_FALSE=''
HAVE_IXXAT_TRUE='#'
HAVE_PTHREAD_FALSE=''
HAVE_PTHREAD_TRUE='#'
HAVE_PYTHON2_FALSE=''
HAVE_PYTHON2_TRUE='#'
HAVE_PYTHON3_FALSE=''
HAVE_PYTHON3_TRUE='#'
HAVE_SOCKET_CAN_FALSE=''
HAVE_SOCKET_CAN_TRUE='#'
HAVE_VCI_FALSE=''
HAVE_VCI_TRUE='#'
INSTALL_DATA='${INSTALL} -m 644'
INSTALL_PROGRAM='${INSTALL}'
INSTALL_SCRIPT='${INSTALL}'
INSTALL_STRIP_PROGRAM='$(install_sh) -c -s'
LCOV=''
LD='/opt/arm-gnu-toolchain-13.2.Rel1-x86_64-arm-none-eabi/arm-none-eabi/bin/ld'
LDFLAGS='-mcpu=cortex-m4 -mthumb -mfloat-abi=hard -mfpu=fpv4-sp-d16 -ffunction-sections -fdata-sections -Wl,--gc-sections --specs=nosys.specs'
LIBOBJS=''
LIBS=''
LIBTOOL='$(SHELL) $(top_builddir)/libtool'
LIPO=''
LN_S='ln -s'
LTLIBOBJS=''
LT_SYS_LIBRARY_PATH=''
MAINT=''
MAINTAINER_MODE_FALSE='#'
MAINTAINER_MODE_TRUE=''
MAKEINFO='${SHELL} '\''/home/dawid/Desktop/SIROBOTICS/GIT/CanOpen-ECSS-Si-Robotics/lely-core/missing'\'' makeinfo'
MANIFEST_TOOL=':'
MKDIR_P='/usr/bin/mkdir -p'
MOSTLYCLEANFILES += $(valgrind_log_files)
MOSTLYCLEANFILES ?=
NM='/opt/arm-gnu-toolchain-13.2.Rel1-x86_64-arm-none-eabi/bin/arm-none-eabi-nm -B'
NMEDIT=''
NO_CANFD_FALSE='#'
NO_CANFD_TRUE=''
NO_COAPP_MASTER_FALSE='#'
NO_COAPP_MASTER_TRUE=''
NO_COAPP_SLAVE_FALSE='#'
NO_COAPP_SLAVE_TRUE=''
NO_CO_CSDO_FALSE=''
NO_CO_CSDO_TRUE='#'
NO_CO_DCF_FALSE='#'
NO_CO_DCF_RESTORE_FALSE=''
NO_CO_DCF_RESTORE_TRUE='#'
NO_CO_DCF_TRUE=''
NO_CO_ECSS_REDUNDANCY_FALSE=''
NO_CO_ECSS_REDUNDANCY_TRUE='#'
NO_CO_EMCY_FALSE=''
NO_CO_EMCY_TRUE='#'
NO_CO_GW_FALSE='#'
NO_CO_GW_TRUE=''
NO_CO_GW_TXT_FALSE='#'
NO_CO_GW_TXT_TRUE=''
NO_CO_LSS_FALSE='#'
NO_CO_LSS_TRUE=''
NO_CO_MASTER_FALSE=''
NO_CO_MASTER_TRUE='#'
NO_CO_NG_FALSE='#'
NO_CO_NG_TRUE=''
NO_CO_NMT_BOOT_FALSE='#'
NO_CO_NMT_BOOT_TRUE=''
NO_CO_NMT_CFG_FALSE='#'
NO_CO_NMT_CFG_TRUE=''
NO_CO_OBJ_DEFAULT_FALSE=''
NO_CO_OBJ_DEFAULT_TRUE='#'
NO_CO_OBJ_FILE_FALSE='#'
NO_CO_OBJ_FILE_TRUE=''
NO_CO_OBJ_LIMITS_FALSE=''
NO_CO_OBJ_LIMITS_TRUE='#'
NO_CO_OBJ_NAME_FALSE='#'
NO_CO_OBJ_NAME_TRUE=''
NO_CO_OBJ_UPLOAD_FALSE=''
NO_CO_OBJ_UPLOAD_TRUE='#'
NO_CO_RPDO_FALSE=''
NO_CO_RPDO_TRUE='#'
NO_CO_SDEV_FALSE='#'
NO_CO_SDEV_TRUE=''
NO_CO_SYNC_FALSE=''
NO_CO_SYNC_TRUE='#'
NO_CO_TIME_FALSE='#'
NO_CO_TIME_TRUE=''
NO_CO_TPDO_FALSE=''
NO_CO_TPDO_TRUE='#'
NO_CO_WTM_FALSE='#'
NO_CO_WTM_TRUE=''
NO_CXX_FALSE='#'
NO_CXX_TRUE=''
NO_CYTHON_FALSE='#'
NO_CYTHON_TRUE=''
NO_DAEMON_FALSE='#'
NO_DAEMON_TRUE=''
NO_DIAG_FALSE='#'
NO_DIAG_TRUE=''
NO_HOSTED_FALSE='#'
NO_HOSTED_TRUE=''
NO_MALLOC_FALSE='#'
NO_MALLOC_TRUE=''
NO_RT_FALSE='#'
NO_RT_TRUE=''
NO_STDIO_FALSE='#'
NO_STDIO_TRUE=''
NO_TESTS_FALSE='#'
NO_TESTS_TRUE=''
NO_THREADS_FALSE='#'
NO_THREADS_TRUE=''
NO_TOOLS_FALSE='#'
NO_TOOLS_TRUE=''
NO_UNIT_TESTS_FALSE='#'
NO_UNIT_TESTS_TRUE=''
OBJDUMP='arm-none-eabi-objdump'
OBJEXT='o'
OTOOL64=''
OTOOL=''
PACKAGE='lely-core'
PACKAGE_BUGREPORT=''
PACKAGE_NAME='Lely core libraries'
PACKAGE_STRING='Lely core libraries 3.5.0'
PACKAGE_TARNAME='lely-core'
PACKAGE_URL=''
PACKAGE_VERSION='3.5.0'
PATH_SEPARATOR=':'
PKG_CONFIG='/usr/bin/pkg-config'
PKG_CONFIG_LIBDIR=''
PKG_CONFIG_PATH=''
PLATFORM_LINUX_FALSE=''
PLATFORM_LINUX_TRUE='#'
PLATFORM_POSIX_FALSE=''
PLATFORM_POSIX_TRUE='#'
PLATFORM_WIN32_FALSE=''
PLATFORM_WIN32_TRUE='#'
PTHREAD_CC=''
PTHREAD_CFLAGS=''
PTHREAD_CXX=''
PTHREAD_LIBS=''
PYTHON2=''
PYTHON3=''
RANLIB='arm-none-eabi-ranlib'
RC=''
RT_LIBS=''
SCRIPT_EXEC=''
SED='/usr/bin/sed'
SET_MAKE=''
SHELL='/bin/bash'
STRIP='arm-none-eabi-strip'
VALGRIND=''
VALGRIND_CHECK_RULES='
VALGRIND_ENABLED='no'
VALGRIND_ENABLED_FALSE=''
VALGRIND_ENABLED_TRUE='#'
VALGRIND_FLAGS ?= --num-callers=30
VALGRIND_LOG_COMPILER = \
VALGRIND_SUPPRESSIONS ?= $(addprefix --suppressions=,$(VALGRIND_SUPPRESSIONS_FILES))
VALGRIND_TESTS_ENVIRONMENT = \
VALGRIND_drd_FLAGS ?=
VALGRIND_helgrind_FLAGS ?= --history-level=approx
VALGRIND_memcheck_FLAGS ?= --leak-check=full --show-reachable=no
VALGRIND_sgcheck_FLAGS ?=
VERSION='3.5.0'
VERSION_MAJOR='3'
VERSION_MINOR='5'
VERSION_PATCH='0'
ac_ct_AR=''
ac_ct_CC=''
ac_ct_CXX=''
ac_ct_DUMPBIN=''
am__EXEEXT_FALSE=''
am__EXEEXT_TRUE='#'
am__fastdepCC_FALSE='#'
am__fastdepCC_TRUE=''
am__fastdepCXX_FALSE='#'
am__fastdepCXX_TRUE=''
am__include='include'
am__isrc=' -I$(srcdir)'
am__leading_dot='.'
am__nodep='_no'
am__quote=''
am__tar='$${TAR-tar} chof - "$$tardir"'
am__untar='$${TAR-tar} xf -'
ax_pthread_config=''
bindir='${exec_prefix}/bin'
build='x86_64-pc-linux-gnu'
build_alias=''
build_cpu='x86_64'
build_os='linux-gnu'
build_vendor='pc'
check-code-coverage: 
check-valgrind-$(1)-local:
check-valgrind-local:
code-coverage-capture-hook:
code-coverage-capture: code-coverage-capture-hook
code_coverage_quiet = $(code_coverage_quiet_$(V))
code_coverage_quiet_ = $(code_coverage_quiet_$(AM_DEFAULT_VERBOSITY))
code_coverage_quiet_0 = --quiet
code_coverage_sanitize = $(subst -,_,$(subst .,_,$(1)))
code_coverage_v_genhtml = $(code_coverage_v_genhtml_$(V))
code_coverage_v_genhtml_ = $(code_coverage_v_genhtml_$(AM_DEFAULT_VERBOSITY))
code_coverage_v_genhtml_0 = @echo "  GEN   " $(CODE_COVERAGE_OUTPUT_DIRECTORY);
code_coverage_v_lcov_cap = $(code_coverage_v_lcov_cap_$(V))
code_coverage_v_lcov_cap_ = $(code_coverage_v_lcov_cap_$(AM_DEFAULT_VERBOSITY))
code_coverage_v_lcov_cap_0 = @echo "  LCOV   --capture"\
code_coverage_v_lcov_ign = $(code_coverage_v_lcov_ign_$(V))
code_coverage_v_lcov_ign_ = $(code_coverage_v_lcov_ign_$(AM_DEFAULT_VERBOSITY))
code_coverage_v_lcov_ign_0 = @echo "  LCOV   --remove /tmp/*"\
datadir='${datarootdir}'
datarootdir='${prefix}/share'
define valgrind_tool_rule
docdir='${datarootdir}/doc/${PACKAGE_TARNAME}'
dvidir='${docdir}'
else
else
else
else ifeq ($$(VALGRIND_ENABLED),yes)
endef
endif
endif
endif
endif
exec_prefix='${prefix}'
host='arm-none-eabi'
host_alias='arm-none-eabi'
host_cpu='arm'
host_os='eabi'
host_vendor='none'
htmldir='${docdir}'
ifeq ($$(VALGRIND_ENABLED)-$$(ENABLE_VALGRIND_$(1)),yes-yes)
ifeq ($(VALGRIND_ENABLED),yes)
ifneq ($$(TESTS),)
ifneq ($(LIBTOOL),)
includedir='${prefix}/include'
infodir='${datarootdir}/info'
install_sh='${SHELL} /home/dawid/Desktop/SIROBOTICS/GIT/CanOpen-ECSS-Si-Robotics/lely-core/install-sh'
libdir='${exec_prefix}/lib'
libexecdir='${exec_prefix}/libexec'
localedir='${datarootdir}/locale'
localstatedir='${prefix}/var'
mandir='${datarootdir}/man'
mkdir_p='$(MKDIR_P)'
oldincludedir='/usr/include'
pdfdir='${docdir}'
prefix='/home/dawid/Desktop/SIROBOTICS/GIT/CanOpen-ECSS-Si-Robotics/install-cm4'
program_transform_name='s,x,x,'
psdir='${docdir}'
runstatedir='${localstatedir}/run'
sbindir='${exec_prefix}/sbin'
sharedstatedir='${prefix}/com'
sysconfdir='${prefix}/etc'
target='arm-none-eabi'
target_alias=''
target_cpu='arm'
target_os='eabi'
target_vendor='none'
valgrind_drd_flags = --tool=drd $(VALGRIND_drd_FLAGS)
valgrind_enabled_tools=''
valgrind_helgrind_flags = --tool=helgrind $(VALGRIND_helgrind_FLAGS)
valgrind_log_files = $(addprefix test-suite-,$(addsuffix .log,$(valgrind_tools)))
valgrind_lt =
valgrind_lt = $(LIBTOOL) $(AM_LIBTOOLFLAGS) $(LIBTOOLFLAGS) --mode=execute
valgrind_memcheck_flags = --tool=memcheck $(VALGRIND_memcheck_FLAGS)
valgrind_quiet = $(valgrind_quiet_$(V))
valgrind_quiet_ = $(valgrind_quiet_$(AM_DEFAULT_VERBOSITY))
valgrind_quiet_0 = --quiet
valgrind_sgcheck_flags = --tool=exp-sgcheck $(VALGRIND_sgcheck_FLAGS)
valgrind_tools='memcheck helgrind drd sgcheck'
valgrind_v_use   = $(valgrind_v_use_$(V))
valgrind_v_use_  = $(valgrind_v_use_$(AM_DEFAULT_VERBOSITY))
valgrind_v_use_0 = @echo "  USE   " $(patsubst check-valgrind-%-local,%,$@):;

## ----------- ##
## confdefs.h. ##
## ----------- ##

/* confdefs.h */
#define PACKAGE_NAME "Lely core libraries"
#define PACKAGE_TARNAME "lely-core"
#define PACKAGE_VERSION "3.5.0"
#define PACKAGE_STRING "Lely core libraries 3.5.0"
#define PACKAGE_BUGREPORT ""
#define PACKAGE_URL ""
#define PACKAGE "lely-core"
#define VERSION "3.5.0"
#define HAVE_STDIO_H 1
#define HAVE_STDLIB_H 1
#define HAVE_STRING_H 1
#define HAVE_INTTYPES_H 1
#define HAVE_STDINT_H 1
#define HAVE_STRINGS_H 1
#define HAVE_SYS_STAT_H 1
#define HAVE_SYS_TYPES_H 1
#define HAVE_UNISTD_H 1
#define HAVE_WCHAR_H 1
#define STDC_HEADERS 1
#define _ALL_SOURCE 1
#define _DARWIN_C_SOURCE 1
#define _GNU_SOURCE 1
#define _HPUX_ALT_XOPEN_SOCKET_API 1
#define _NETBSD_SOURCE 1
#define _OPENBSD_SOURCE 1
#define _POSIX_PTHREAD_SEMANTICS 1
#define __STDC_WANT_IEC_60559_ATTRIBS_EXT__ 1
#define __STDC_WANT_IEC_60559_BFP_EXT__ 1
#define __STDC_WANT_IEC_60559_DFP_EXT__ 1
#define __STDC_WANT_IEC_60559_FUNCS_EXT__ 1
#define __STDC_WANT_IEC_60559_TYPES_EXT__ 1
#define __STDC_WANT_LIB_EXT2__ 1
#define __STDC_WANT_MATH_SPEC_FUNCS__ 1
#define _TANDEM_SOURCE 1
#define __EXTENSIONS__ 1
#define HAVE_CXX11 1
#define LT_OBJDIR ".libs/"
#define LELY_NO_HOSTED 1
#define LELY_NO_RT 1
#define LELY_NO_THREADS 1
#define LELY_NO_ERRNO 1
#define LELY_NO_MALLOC 1
#define LELY_NO_STDIO 1
#define LELY_NO_CXX 1
#define LELY_NO_DAEMON 1
#define LELY_NO_DIAG 1
#define LELY_NO_CANFD 1
#define LELY_NO_CO_DCF 1
#define LELY_NO_CO_OBJ_FILE 1
#define LELY_NO_CO_OBJ_NAME 1
#define LELY_NO_CO_SDEV 1
#define LELY_NO_CO_TIME 1
#define LELY_NO_CO_LSS 1
#define LELY_NO_CO_WTM 1
#define LELY_NO_CO_NG 1
#define LELY_NO_CO_NMT_BOOT 1
#define LELY_NO_CO_NMT_CFG 1
#define LELY_NO_CO_GW 1
#define LELY_NO_CO_GW_TXT 1
#define LELY_NO_COAPP_MASTER 1
#define LELY_NO_COAPP_SLAVE 1

configure: exit 0
